This is XeTeX, Version 3.14159265-2.6-0.999992 (TeX Live 2020/W32TeX) (preloaded format=xelatex 2021.3.21)  20 MAY 2021 10:01
entering extended mode
 restricted \write18 enabled.
 file:line:error style messages enabled.
 %&-line parsing enabled.
**report0519
(./report0519.tex
LaTeX2e <2020-02-02> patch level 5
L3 programming layer <2020-03-06> (d:/texlive/2020/texmf-dist/tex/latex/amscls/amsart.cls
Document Class: amsart 2017/10/31 v2.20.4
\linespacing=\dimen134
\normalparindent=\dimen135
\normaltopskip=\skip47
(d:/texlive/2020/texmf-dist/tex/latex/amsmath/amsmath.sty
Package: amsmath 2020/01/20 v2.17e AMS math features
\@mathmargin=\skip48

For additional information on amsmath, use the `?' option.
(d:/texlive/2020/texmf-dist/tex/latex/amsmath/amstext.sty
Package: amstext 2000/06/29 v2.01 AMS text
 (d:/texlive/2020/texmf-dist/tex/latex/amsmath/amsgen.sty
File: amsgen.sty 1999/11/30 v2.0 generic functions
\@emptytoks=\toks15
\ex@=\dimen136
)) (d:/texlive/2020/texmf-dist/tex/latex/amsmath/amsbsy.sty
Package: amsbsy 1999/11/29 v1.2d Bold Symbols
\pmbraise@=\dimen137
) (d:/texlive/2020/texmf-dist/tex/latex/amsmath/amsopn.sty
Package: amsopn 2016/03/08 v2.02 operator names
)
\inf@bad=\count163
LaTeX Info: Redefining \frac on input line 227.
\uproot@=\count164
\leftroot@=\count165
LaTeX Info: Redefining \overline on input line 389.
\classnum@=\count166
\DOTSCASE@=\count167
LaTeX Info: Redefining \ldots on input line 486.
LaTeX Info: Redefining \dots on input line 489.
LaTeX Info: Redefining \cdots on input line 610.
\Mathstrutbox@=\box45
\strutbox@=\box46
\big@size=\dimen138
LaTeX Font Info:    Redeclaring font encoding OML on input line 733.
LaTeX Font Info:    Redeclaring font encoding OMS on input line 734.
\macc@depth=\count168
\c@MaxMatrixCols=\count169
\dotsspace@=\muskip16
\c@parentequation=\count170
\dspbrk@lvl=\count171
\tag@help=\toks16
\row@=\count172
\column@=\count173
\maxfields@=\count174
\andhelp@=\toks17
\eqnshift@=\dimen139
\alignsep@=\dimen140
\tagshift@=\dimen141
\tagwidth@=\dimen142
\totwidth@=\dimen143
\lineht@=\dimen144
\@envbody=\toks18
\multlinegap=\skip49
\multlinetaggap=\skip50
\mathdisplay@stack=\toks19
LaTeX Info: Redefining \[ on input line 2859.
LaTeX Info: Redefining \] on input line 2860.
)
LaTeX Font Info:    Trying to load font information for U+msa on input line 398.
 (d:/texlive/2020/texmf-dist/tex/latex/amsfonts/umsa.fd
File: umsa.fd 2013/01/14 v3.01 AMS symbols A
) (d:/texlive/2020/texmf-dist/tex/latex/amsfonts/amsfonts.sty
Package: amsfonts 2013/01/14 v3.01 Basic AMSFonts support
\symAMSa=\mathgroup4
\symAMSb=\mathgroup5
LaTeX Font Info:    Redeclaring math symbol \hbar on input line 98.
LaTeX Font Info:    Overwriting math alphabet `\mathfrak' in version `bold'
(Font)                  U/euf/m/n --> U/euf/b/n on input line 106.
)
\copyins=\insert199
\abstractbox=\box47
\listisep=\skip51
\c@part=\count175
\c@section=\count176
\c@subsection=\count177
\c@subsubsection=\count178
\c@paragraph=\count179
\c@subparagraph=\count180
\c@figure=\count181
\c@table=\count182
\abovecaptionskip=\skip52
\belowcaptionskip=\skip53
\captionindent=\dimen145
\thm@style=\toks20
\thm@bodyfont=\toks21
\thm@headfont=\toks22
\thm@notefont=\toks23
\thm@headpunct=\toks24
\thm@preskip=\skip54
\thm@postskip=\skip55
\thm@headsep=\skip56
\dth@everypar=\toks25
)
\DraftStatus=\count183
 (d:/texlive/2020/texmf-dist/tex/latex/comment/comment.sty
\CommentStream=\write3
 Excluding comment 'comment') Include comment 'JournalOnly' Include comment 'ConferenceOnly' Include comment 'TulipStyle' (./preamble.tex (d:/texlive/2020/texmf-dist/tex/latex/todonotes/todonotes.sty
Package: todonotes 2019/01/24 v1.1.2 Todonotes source and documentation.
Package: todonotes 2018/11/22
 (d:/texlive/2020/texmf-dist/tex/latex/base/ifthen.sty
Package: ifthen 2014/09/29 v1.1c Standard LaTeX ifthen package (DPC)
) (d:/texlive/2020/texmf-dist/tex/latex/xkeyval/xkeyval.sty
Package: xkeyval 2014/12/03 v2.7a package option processing (HA)
 (d:/texlive/2020/texmf-dist/tex/generic/xkeyval/xkeyval.tex (d:/texlive/2020/texmf-dist/tex/generic/xkeyval/xkvutils.tex
\XKV@toks=\toks26
\XKV@tempa@toks=\toks27
 (d:/texlive/2020/texmf-dist/tex/generic/xkeyval/keyval.tex))
\XKV@depth=\count184
File: xkeyval.tex 2014/12/03 v2.7a key=value parser (HA)
)) (d:/texlive/2020/texmf-dist/tex/latex/xcolor/xcolor.sty
Package: xcolor 2016/05/11 v2.12 LaTeX color extensions (UK)
 (d:/texlive/2020/texmf-dist/tex/latex/graphics-cfg/color.cfg
File: color.cfg 2016/01/02 v1.6 sample color configuration
)
Package xcolor Info: Driver file: xetex.def on input line 225.
 (d:/texlive/2020/texmf-dist/tex/latex/graphics-def/xetex.def
File: xetex.def 2017/06/24 v5.0h Graphics/color driver for xetex
)
Package xcolor Info: Model `cmy' substituted by `cmy0' on input line 1348.
Package xcolor Info: Model `RGB' extended on input line 1364.
Package xcolor Info: Model `HTML' substituted by `rgb' on input line 1366.
Package xcolor Info: Model `Hsb' substituted by `hsb' on input line 1367.
Package xcolor Info: Model `tHsb' substituted by `hsb' on input line 1368.
Package xcolor Info: Model `HSB' substituted by `hsb' on input line 1369.
Package xcolor Info: Model `Gray' substituted by `gray' on input line 1370.
Package xcolor Info: Model `wave' substituted by `hsb' on input line 1371.
) (d:/texlive/2020/texmf-dist/tex/latex/pgf/frontendlayer/tikz.sty (d:/texlive/2020/texmf-dist/tex/latex/pgf/basiclayer/pgf.sty (d:/texlive/2020/texmf-dist/tex/latex/pgf/utilities/pgfrcs.sty (d:/texlive/2020/texmf-dist/tex/generic/pgf/utilities/pgfutil-common.tex
\pgfutil@everybye=\toks28
\pgfutil@tempdima=\dimen146
\pgfutil@tempdimb=\dimen147
 (d:/texlive/2020/texmf-dist/tex/generic/pgf/utilities/pgfutil-common-lists.tex)) (d:/texlive/2020/texmf-dist/tex/generic/pgf/utilities/pgfutil-latex.def
\pgfutil@abb=\box48
 (d:/texlive/2020/texmf-dist/tex/latex/ms/everyshi.sty
Package: everyshi 2001/05/15 v3.00 EveryShipout Package (MS)
)) (d:/texlive/2020/texmf-dist/tex/generic/pgf/utilities/pgfrcs.code.tex (d:/texlive/2020/texmf-dist/tex/generic/pgf/pgf.revision.tex)
Package: pgfrcs 2020/01/08 v3.1.5b (3.1.5b)
))
Package: pgf 2020/01/08 v3.1.5b (3.1.5b)
 (d:/texlive/2020/texmf-dist/tex/latex/pgf/basiclayer/pgfcore.sty (d:/texlive/2020/texmf-dist/tex/latex/graphics/graphicx.sty
Package: graphicx 2019/11/30 v1.2a Enhanced LaTeX Graphics (DPC,SPQR)
 (d:/texlive/2020/texmf-dist/tex/latex/graphics/graphics.sty
Package: graphics 2019/11/30 v1.4a Standard LaTeX Graphics (DPC,SPQR)
 (d:/texlive/2020/texmf-dist/tex/latex/graphics/trig.sty
Package: trig 2016/01/03 v1.10 sin cos tan (DPC)
) (d:/texlive/2020/texmf-dist/tex/latex/graphics-cfg/graphics.cfg
File: graphics.cfg 2016/06/04 v1.11 sample graphics configuration
)
Package graphics Info: Driver file: xetex.def on input line 105.
)
\Gin@req@height=\dimen148
\Gin@req@width=\dimen149
) (d:/texlive/2020/texmf-dist/tex/latex/pgf/systemlayer/pgfsys.sty (d:/texlive/2020/texmf-dist/tex/generic/pgf/systemlayer/pgfsys.code.tex
Package: pgfsys 2020/01/08 v3.1.5b (3.1.5b)
 (d:/texlive/2020/texmf-dist/tex/generic/pgf/utilities/pgfkeys.code.tex
\pgfkeys@pathtoks=\toks29
\pgfkeys@temptoks=\toks30
 (d:/texlive/2020/texmf-dist/tex/generic/pgf/utilities/pgfkeysfiltered.code.tex
\pgfkeys@tmptoks=\toks31
))
\pgf@x=\dimen150
\pgf@y=\dimen151
\pgf@xa=\dimen152
\pgf@ya=\dimen153
\pgf@xb=\dimen154
\pgf@yb=\dimen155
\pgf@xc=\dimen156
\pgf@yc=\dimen157
\pgf@xd=\dimen158
\pgf@yd=\dimen159
\w@pgf@writea=\write4
\r@pgf@reada=\read2
\c@pgf@counta=\count185
\c@pgf@countb=\count186
\c@pgf@countc=\count187
\c@pgf@countd=\count188
\t@pgf@toka=\toks32
\t@pgf@tokb=\toks33
\t@pgf@tokc=\toks34
\pgf@sys@id@count=\count189
 (d:/texlive/2020/texmf-dist/tex/generic/pgf/systemlayer/pgf.cfg
File: pgf.cfg 2020/01/08 v3.1.5b (3.1.5b)
)
Driver file for pgf: pgfsys-xetex.def
 (d:/texlive/2020/texmf-dist/tex/generic/pgf/systemlayer/pgfsys-xetex.def
File: pgfsys-xetex.def 2020/01/08 v3.1.5b (3.1.5b)
 (d:/texlive/2020/texmf-dist/tex/generic/pgf/systemlayer/pgfsys-dvipdfmx.def
File: pgfsys-dvipdfmx.def 2020/01/08 v3.1.5b (3.1.5b)
 (d:/texlive/2020/texmf-dist/tex/generic/pgf/systemlayer/pgfsys-common-pdf.def
File: pgfsys-common-pdf.def 2020/01/08 v3.1.5b (3.1.5b)
)
\pgfsys@objnum=\count190
))) (d:/texlive/2020/texmf-dist/tex/generic/pgf/systemlayer/pgfsyssoftpath.code.tex
File: pgfsyssoftpath.code.tex 2020/01/08 v3.1.5b (3.1.5b)
\pgfsyssoftpath@smallbuffer@items=\count191
\pgfsyssoftpath@bigbuffer@items=\count192
) (d:/texlive/2020/texmf-dist/tex/generic/pgf/systemlayer/pgfsysprotocol.code.tex
File: pgfsysprotocol.code.tex 2020/01/08 v3.1.5b (3.1.5b)
)) (d:/texlive/2020/texmf-dist/tex/generic/pgf/basiclayer/pgfcore.code.tex
Package: pgfcore 2020/01/08 v3.1.5b (3.1.5b)
 (d:/texlive/2020/texmf-dist/tex/generic/pgf/math/pgfmath.code.tex (d:/texlive/2020/texmf-dist/tex/generic/pgf/math/pgfmathcalc.code.tex (d:/texlive/2020/texmf-dist/tex/generic/pgf/math/pgfmathutil.code.tex) (d:/texlive/2020/texmf-dist/tex/generic/pgf/math/pgfmathparser.code.tex
\pgfmath@dimen=\dimen160
\pgfmath@count=\count193
\pgfmath@box=\box49
\pgfmath@toks=\toks35
\pgfmath@stack@operand=\toks36
\pgfmath@stack@operation=\toks37
) (d:/texlive/2020/texmf-dist/tex/generic/pgf/math/pgfmathfunctions.code.tex (d:/texlive/2020/texmf-dist/tex/generic/pgf/math/pgfmathfunctions.basic.code.tex) (d:/texlive/2020/texmf-dist/tex/generic/pgf/math/pgfmathfunctions.trigonometric.code.tex) (d:/texlive/2020/texmf-dist/tex/generic/pgf/math/pgfmathfunctions.random.code.tex) (d:/texlive/2020/texmf-dist/tex/generic/pgf/math/pgfmathfunctions.comparison.code.tex) (d:/texlive/2020/texmf-dist/tex/generic/pgf/math/pgfmathfunctions.base.code.tex) (d:/texlive/2020/texmf-dist/tex/generic/pgf/math/pgfmathfunctions.round.code.tex) (d:/texlive/2020/texmf-dist/tex/generic/pgf/math/pgfmathfunctions.misc.code.tex) (d:/texlive/2020/texmf-dist/tex/generic/pgf/math/pgfmathfunctions.integerarithmetics.code.tex))) (d:/texlive/2020/texmf-dist/tex/generic/pgf/math/pgfmathfloat.code.tex
\c@pgfmathroundto@lastzeros=\count194
)) (d:/texlive/2020/texmf-dist/tex/generic/pgf/math/pgfint.code.tex) (d:/texlive/2020/texmf-dist/tex/generic/pgf/basiclayer/pgfcorepoints.code.tex
File: pgfcorepoints.code.tex 2020/01/08 v3.1.5b (3.1.5b)
\pgf@picminx=\dimen161
\pgf@picmaxx=\dimen162
\pgf@picminy=\dimen163
\pgf@picmaxy=\dimen164
\pgf@pathminx=\dimen165
\pgf@pathmaxx=\dimen166
\pgf@pathminy=\dimen167
\pgf@pathmaxy=\dimen168
\pgf@xx=\dimen169
\pgf@xy=\dimen170
\pgf@yx=\dimen171
\pgf@yy=\dimen172
\pgf@zx=\dimen173
\pgf@zy=\dimen174
) (d:/texlive/2020/texmf-dist/tex/generic/pgf/basiclayer/pgfcorepathconstruct.code.tex
File: pgfcorepathconstruct.code.tex 2020/01/08 v3.1.5b (3.1.5b)
\pgf@path@lastx=\dimen175
\pgf@path@lasty=\dimen176
) (d:/texlive/2020/texmf-dist/tex/generic/pgf/basiclayer/pgfcorepathusage.code.tex
File: pgfcorepathusage.code.tex 2020/01/08 v3.1.5b (3.1.5b)
\pgf@shorten@end@additional=\dimen177
\pgf@shorten@start@additional=\dimen178
) (d:/texlive/2020/texmf-dist/tex/generic/pgf/basiclayer/pgfcorescopes.code.tex
File: pgfcorescopes.code.tex 2020/01/08 v3.1.5b (3.1.5b)
\pgfpic=\box50
\pgf@hbox=\box51
\pgf@layerbox@main=\box52
\pgf@picture@serial@count=\count195
) (d:/texlive/2020/texmf-dist/tex/generic/pgf/basiclayer/pgfcoregraphicstate.code.tex
File: pgfcoregraphicstate.code.tex 2020/01/08 v3.1.5b (3.1.5b)
\pgflinewidth=\dimen179
) (d:/texlive/2020/texmf-dist/tex/generic/pgf/basiclayer/pgfcoretransformations.code.tex
File: pgfcoretransformations.code.tex 2020/01/08 v3.1.5b (3.1.5b)
\pgf@pt@x=\dimen180
\pgf@pt@y=\dimen181
\pgf@pt@temp=\dimen182
) (d:/texlive/2020/texmf-dist/tex/generic/pgf/basiclayer/pgfcorequick.code.tex
File: pgfcorequick.code.tex 2020/01/08 v3.1.5b (3.1.5b)
) (d:/texlive/2020/texmf-dist/tex/generic/pgf/basiclayer/pgfcoreobjects.code.tex
File: pgfcoreobjects.code.tex 2020/01/08 v3.1.5b (3.1.5b)
) (d:/texlive/2020/texmf-dist/tex/generic/pgf/basiclayer/pgfcorepathprocessing.code.tex
File: pgfcorepathprocessing.code.tex 2020/01/08 v3.1.5b (3.1.5b)
) (d:/texlive/2020/texmf-dist/tex/generic/pgf/basiclayer/pgfcorearrows.code.tex
File: pgfcorearrows.code.tex 2020/01/08 v3.1.5b (3.1.5b)
\pgfarrowsep=\dimen183
) (d:/texlive/2020/texmf-dist/tex/generic/pgf/basiclayer/pgfcoreshade.code.tex
File: pgfcoreshade.code.tex 2020/01/08 v3.1.5b (3.1.5b)
\pgf@max=\dimen184
\pgf@sys@shading@range@num=\count196
\pgf@shadingcount=\count197
) (d:/texlive/2020/texmf-dist/tex/generic/pgf/basiclayer/pgfcoreimage.code.tex
File: pgfcoreimage.code.tex 2020/01/08 v3.1.5b (3.1.5b)
 (d:/texlive/2020/texmf-dist/tex/generic/pgf/basiclayer/pgfcoreexternal.code.tex
File: pgfcoreexternal.code.tex 2020/01/08 v3.1.5b (3.1.5b)
\pgfexternal@startupbox=\box53
)) (d:/texlive/2020/texmf-dist/tex/generic/pgf/basiclayer/pgfcorelayers.code.tex
File: pgfcorelayers.code.tex 2020/01/08 v3.1.5b (3.1.5b)
) (d:/texlive/2020/texmf-dist/tex/generic/pgf/basiclayer/pgfcoretransparency.code.tex
File: pgfcoretransparency.code.tex 2020/01/08 v3.1.5b (3.1.5b)
) (d:/texlive/2020/texmf-dist/tex/generic/pgf/basiclayer/pgfcorepatterns.code.tex
File: pgfcorepatterns.code.tex 2020/01/08 v3.1.5b (3.1.5b)
) (d:/texlive/2020/texmf-dist/tex/generic/pgf/basiclayer/pgfcorerdf.code.tex
File: pgfcorerdf.code.tex 2020/01/08 v3.1.5b (3.1.5b)
))) (d:/texlive/2020/texmf-dist/tex/generic/pgf/modules/pgfmoduleshapes.code.tex
File: pgfmoduleshapes.code.tex 2020/01/08 v3.1.5b (3.1.5b)
\pgfnodeparttextbox=\box54
) (d:/texlive/2020/texmf-dist/tex/generic/pgf/modules/pgfmoduleplot.code.tex
File: pgfmoduleplot.code.tex 2020/01/08 v3.1.5b (3.1.5b)
) (d:/texlive/2020/texmf-dist/tex/latex/pgf/compatibility/pgfcomp-version-0-65.sty
Package: pgfcomp-version-0-65 2020/01/08 v3.1.5b (3.1.5b)
\pgf@nodesepstart=\dimen185
\pgf@nodesepend=\dimen186
) (d:/texlive/2020/texmf-dist/tex/latex/pgf/compatibility/pgfcomp-version-1-18.sty
Package: pgfcomp-version-1-18 2020/01/08 v3.1.5b (3.1.5b)
)) (d:/texlive/2020/texmf-dist/tex/latex/pgf/utilities/pgffor.sty (d:/texlive/2020/texmf-dist/tex/latex/pgf/utilities/pgfkeys.sty (d:/texlive/2020/texmf-dist/tex/generic/pgf/utilities/pgfkeys.code.tex)) (d:/texlive/2020/texmf-dist/tex/latex/pgf/math/pgfmath.sty (d:/texlive/2020/texmf-dist/tex/generic/pgf/math/pgfmath.code.tex)) (d:/texlive/2020/texmf-dist/tex/generic/pgf/utilities/pgffor.code.tex
Package: pgffor 2020/01/08 v3.1.5b (3.1.5b)
 (d:/texlive/2020/texmf-dist/tex/generic/pgf/math/pgfmath.code.tex)
\pgffor@iter=\dimen187
\pgffor@skip=\dimen188
\pgffor@stack=\toks38
\pgffor@toks=\toks39
)) (d:/texlive/2020/texmf-dist/tex/generic/pgf/frontendlayer/tikz/tikz.code.tex
Package: tikz 2020/01/08 v3.1.5b (3.1.5b)
 (d:/texlive/2020/texmf-dist/tex/generic/pgf/libraries/pgflibraryplothandlers.code.tex
File: pgflibraryplothandlers.code.tex 2020/01/08 v3.1.5b (3.1.5b)
\pgf@plot@mark@count=\count198
\pgfplotmarksize=\dimen189
)
\tikz@lastx=\dimen190
\tikz@lasty=\dimen191
\tikz@lastxsaved=\dimen192
\tikz@lastysaved=\dimen193
\tikz@lastmovetox=\dimen194
\tikz@lastmovetoy=\dimen195
\tikzleveldistance=\dimen196
\tikzsiblingdistance=\dimen197
\tikz@figbox=\box55
\tikz@figbox@bg=\box56
\tikz@tempbox=\box57
\tikz@tempbox@bg=\box58
\tikztreelevel=\count266
\tikznumberofchildren=\count267
\tikznumberofcurrentchild=\count268
\tikz@fig@count=\count269
 (d:/texlive/2020/texmf-dist/tex/generic/pgf/modules/pgfmodulematrix.code.tex
File: pgfmodulematrix.code.tex 2020/01/08 v3.1.5b (3.1.5b)
\pgfmatrixcurrentrow=\count270
\pgfmatrixcurrentcolumn=\count271
\pgf@matrix@numberofcolumns=\count272
)
\tikz@expandcount=\count273
 (d:/texlive/2020/texmf-dist/tex/generic/pgf/frontendlayer/tikz/libraries/tikzlibrarytopaths.code.tex
File: tikzlibrarytopaths.code.tex 2020/01/08 v3.1.5b (3.1.5b)
))) (d:/texlive/2020/texmf-dist/tex/generic/pgf/frontendlayer/tikz/libraries/tikzlibrarypositioning.code.tex
File: tikzlibrarypositioning.code.tex 2020/01/08 v3.1.5b (3.1.5b)
) (d:/texlive/2020/texmf-dist/tex/generic/pgf/frontendlayer/tikz/libraries/tikzlibraryshadows.code.tex
File: tikzlibraryshadows.code.tex 2020/01/08 v3.1.5b (3.1.5b)
 (d:/texlive/2020/texmf-dist/tex/generic/pgf/frontendlayer/tikz/libraries/tikzlibraryfadings.code.tex
File: tikzlibraryfadings.code.tex 2020/01/08 v3.1.5b (3.1.5b)
 (d:/texlive/2020/texmf-dist/tex/generic/pgf/libraries/pgflibraryfadings.code.tex
File: pgflibraryfadings.code.tex 2020/01/08 v3.1.5b (3.1.5b)
))) (d:/texlive/2020/texmf-dist/tex/latex/tools/calc.sty
Package: calc 2017/05/25 v4.3 Infix arithmetic (KKT,FJ)
\calc@Acount=\count274
\calc@Bcount=\count275
\calc@Adimen=\dimen198
\calc@Bdimen=\dimen256
\calc@Askip=\skip57
\calc@Bskip=\skip58
LaTeX Info: Redefining \setlength on input line 80.
LaTeX Info: Redefining \addtolength on input line 81.
\calc@Ccount=\count276
\calc@Cskip=\skip59
)
\c@@todonotes@numberoftodonotes=\count277
) (d:/texlive/2020/texmf-dist/tex/latex/algorithms/algorithm.sty
Invalid UTF-8 byte or sequence at line 11 replaced by U+FFFD.
Package: algorithm 2009/08/24 v0.1 Document Style `algorithm' - floating environment
 (d:/texlive/2020/texmf-dist/tex/latex/float/float.sty
Package: float 2001/11/08 v1.3d Float enhancements (AL)
\c@float@type=\count278
\float@exts=\toks40
\float@box=\box59
\@float@everytoks=\toks41
\@floatcapt=\box60
)
\@float@every@algorithm=\toks42
\c@algorithm=\count279
) (d:/texlive/2020/texmf-dist/tex/latex/algorithms/algorithmic.sty
Invalid UTF-8 byte or sequence at line 11 replaced by U+FFFD.
Package: algorithmic 2009/08/24 v0.1 Document Style `algorithmic'
\c@ALC@unique=\count280
\c@ALC@line=\count281
\c@ALC@rem=\count282
\c@ALC@depth=\count283
\ALC@tlm=\skip60
\algorithmicindent=\skip61
) (d:/texlive/2020/texmf-dist/tex/latex/breqn/breqn.sty (d:/texlive/2020/texmf-dist/tex/latex/l3kernel/expl3.sty
Package: expl3 2020-03-06 L3 programming layer (loader) 
 (d:/texlive/2020/texmf-dist/tex/latex/l3backend/l3backend-xdvipdfmx.def
File: l3backend-xdvipdfmx.def 2020-03-12 L3 backend support: xdvipdfmx
\g__graphics_track_int=\count284
\l__pdf_internal_box=\box61
\g__pdf_backend_object_int=\count285
\g__pdf_backend_annotation_int=\count286
))
Package: breqn 2020/02/18 v0.98i Breaking equations
 (d:/texlive/2020/texmf-dist/tex/latex/breqn/flexisym.sty
Package: flexisym 2020/02/18 v0.98i Make math characters macros
LaTeX Info: Redefining \textprime on input line 298.
LaTeX Info: Redefining \not on input line 356.
 (d:/texlive/2020/texmf-dist/tex/latex/breqn/cmbase.sym
File: cmbase.sym 2007/12/19 v0.92
LaTeX Info: Redefining \hbar on input line 323.
LaTeX Info: Redefining \surd on input line 325.
LaTeX Info: Redefining \angle on input line 333.
LaTeX Info: Redefining \neq on input line 334.
LaTeX Info: Redefining \mapsto on input line 335.
LaTeX Info: Redefining \cong on input line 336.
LaTeX Info: Redefining \notin on input line 339.
LaTeX Info: Redefining \rightleftharpoons on input line 340.
LaTeX Info: Redefining \doteq on input line 341.
LaTeX Info: Redefining \hookrightarrow on input line 342.
LaTeX Info: Redefining \hookleftarrow on input line 343.
LaTeX Info: Redefining \bowtie on input line 344.
LaTeX Info: Redefining \models on input line 345.
LaTeX Info: Redefining \Longrightarrow on input line 346.
LaTeX Info: Redefining \longrightarrow on input line 347.
LaTeX Info: Redefining \Longleftarrow on input line 348.
LaTeX Info: Redefining \longleftarrow on input line 349.
LaTeX Info: Redefining \longmapsto on input line 350.
LaTeX Info: Redefining \longleftrightarrow on input line 351.
LaTeX Info: Redefining \Longleftrightarrow on input line 352.
LaTeX Info: Redefining \cdots on input line 356.
LaTeX Info: Redefining \vdots on input line 359.
LaTeX Info: Redefining \ddots on input line 364.
) (d:/texlive/2020/texmf-dist/tex/latex/breqn/mathstyle.sty
Package: mathstyle 2020/02/18 v0.98i Tracking mathstyle implicitly
LaTeX Info: Redefining \displaystyle on input line 93.
LaTeX Info: Redefining \textstyle on input line 95.
LaTeX Info: Redefining \scriptstyle on input line 97.
LaTeX Info: Redefining \scriptscriptstyle on input line 99.
LaTeX Info: Redefining \genfrac on input line 145.
))
\inf@bad=\count287
\maxint=\count288
\listwidth=\dimen257
\eqnumsep=\dimen258
\eqmargin=\dimen259
\eqlinespacing=\skip62
\eqlineskip=\skip63
\eqlineskiplimit=\dimen260
\eqbinoffset=\muskip17
\eqdelimoffset=\muskip18
\eqindentstep=\dimen261
\eqstyle=\toks43
\eqbreakdepth=\count289
\eqinterlinepenalty=\count290
\intereqpenalty=\count291
\intereqskip=\skip64
\prerelpenalty=\count292
\prebinoppenalty=\count293
\Dmedmuskip=\muskip19
\Dthickmuskip=\muskip20
\eqleftskip=\skip65
\eqrightskip=\skip66
\eq@vspan=\skip67
\eq@binoffset=\muskip21
\EQ@box=\box62
\EQ@copy=\box63
\EQ@numbox=\box64
\eq@wdNum=\dimen262
\GRP@numbox=\box65
\grp@wdNum=\dimen263
\eq@lines=\count294
\eq@curline=\count295
\eq@badness=\count296
\EQ@vims=\count297
\eq@dp=\dimen264
\eq@wdL=\dimen265
\eq@wdT=\dimen266
\eq@wdMin=\dimen267
\grp@wdL=\dimen268
\grp@wdR=\dimen269
\grp@wdT=\dimen270
\eq@wdRmax=\dimen271
\eq@firstht=\dimen272
\eq@wdCond=\dimen273
\eq@indentstep=\dimen274
\eq@linewidth=\dimen275
\grp@linewidth=\dimen276
\eq@hshift=\dimen277
\eq@given@sidespace=\dimen278
\mathindent=\dimen279
\eq@final@linecount=\count298
\eq@wdR=\dimen280
\EQ@continue=\toks44
\lr@level=\count299
\GRP@queue=\toks45
\GRP@box=\box66
\GRP@wholebox=\box67
\darraycolsep=\skip68
\cur@row=\count300
\cur@col=\count301
\conditionsep=\skip69
) (d:/texlive/2020/texmf-dist/tex/latex/caption/subcaption.sty
Package: subcaption 2020/01/22 v1.3d Sub-captions (AR)
 (d:/texlive/2020/texmf-dist/tex/latex/caption/caption.sty
Package: caption 2020/01/03 v3.4h Customizing captions (AR)
 (d:/texlive/2020/texmf-dist/tex/latex/caption/caption3.sty
Package: caption3 2020/01/03 v1.8h caption3 kernel (AR)
Package caption3 Info: TeX engine: e-TeX on input line 61.
\captionmargin=\dimen281
\captionmargin@=\dimen282
\captionwidth=\dimen283
\caption@tempdima=\dimen284
\caption@indent=\dimen285
\caption@parindent=\dimen286
\caption@hangindent=\dimen287
Package caption Info: AMS or SMF document class detected.
)
Package caption Info: AMS or SMF document class.
\c@caption@flags=\count302
\c@continuedfloat=\count303
Package caption Info: float package is loaded.
)
\c@subfigure=\count304
\c@subtable=\count305
) (d:/texlive/2020/texmf-dist/tex/latex/multirow/multirow.sty
Package: multirow 2019/05/31 v2.5 Span multiple rows of a table
\multirow@colwidth=\skip70
\multirow@cntb=\count306
\multirow@dima=\skip71
\bigstrutjot=\dimen288
) (d:/texlive/2020/texmf-dist/tex/latex/psfrag/psfrag.sty
Package: psfrag 1998/04/11 v3.04 PSfrag (MCG)
\pfg@pcount=\count307
\pfg@scount=\count308
\pfg@temp=\write5
) (d:/texlive/2020/texmf-dist/tex/latex/url/url.sty
\Urlmuskip=\muskip22
Package: url 2013/09/16  ver 3.4  Verb mode for urls, etc.
) (d:/texlive/2020/texmf-dist/tex/latex/hyperref/hyperref.sty
Package: hyperref 2020/01/14 v7.00d Hypertext links for LaTeX
 (d:/texlive/2020/texmf-dist/tex/generic/ltxcmds/ltxcmds.sty
Package: ltxcmds 2019/12/15 v1.24 LaTeX kernel commands for general use (HO)
) (d:/texlive/2020/texmf-dist/tex/generic/iftex/iftex.sty
Package: iftex 2020/03/06 v1.0d TeX engine tests
) (d:/texlive/2020/texmf-dist/tex/latex/pdftexcmds/pdftexcmds.sty
Package: pdftexcmds 2019/11/24 v0.31 Utility functions of pdfTeX for LuaTeX (HO)
 (d:/texlive/2020/texmf-dist/tex/generic/infwarerr/infwarerr.sty
Package: infwarerr 2019/12/03 v1.5 Providing info/warning/error messages (HO)
)
Package pdftexcmds Info: \pdf@primitive is available.
Package pdftexcmds Info: \pdf@ifprimitive is available.
Package pdftexcmds Info: \pdfdraftmode not found.
) (d:/texlive/2020/texmf-dist/tex/generic/kvsetkeys/kvsetkeys.sty
Package: kvsetkeys 2019/12/15 v1.18 Key value parser (HO)
) (d:/texlive/2020/texmf-dist/tex/generic/kvdefinekeys/kvdefinekeys.sty
Package: kvdefinekeys 2019-12-19 v1.6 Define keys (HO)
) (d:/texlive/2020/texmf-dist/tex/generic/pdfescape/pdfescape.sty
Package: pdfescape 2019/12/09 v1.15 Implements pdfTeX's escape features (HO)
) (d:/texlive/2020/texmf-dist/tex/latex/hycolor/hycolor.sty
Package: hycolor 2020-01-27 v1.10 Color options for hyperref/bookmark (HO)
) (d:/texlive/2020/texmf-dist/tex/latex/letltxmacro/letltxmacro.sty
Package: letltxmacro 2019/12/03 v1.6 Let assignment for LaTeX macros (HO)
) (d:/texlive/2020/texmf-dist/tex/latex/auxhook/auxhook.sty
Package: auxhook 2019-12-17 v1.6 Hooks for auxiliary files (HO)
) (d:/texlive/2020/texmf-dist/tex/latex/kvoptions/kvoptions.sty
Package: kvoptions 2019/11/29 v3.13 Key value format for package options (HO)
)
\@linkdim=\dimen289
\Hy@linkcounter=\count309
\Hy@pagecounter=\count310
 (d:/texlive/2020/texmf-dist/tex/latex/hyperref/pd1enc.def
File: pd1enc.def 2020/01/14 v7.00d Hyperref: PDFDocEncoding definition (HO)
) (d:/texlive/2020/texmf-dist/tex/generic/intcalc/intcalc.sty
Package: intcalc 2019/12/15 v1.3 Expandable calculations with integers (HO)
) (d:/texlive/2020/texmf-dist/tex/generic/etexcmds/etexcmds.sty
Package: etexcmds 2019/12/15 v1.7 Avoid name clashes with e-TeX commands (HO)
)
\Hy@SavedSpaceFactor=\count311
Package hyperref Info: Hyper figures OFF on input line 4547.
Package hyperref Info: Link nesting OFF on input line 4552.
Package hyperref Info: Hyper index ON on input line 4555.
Package hyperref Info: Plain pages OFF on input line 4562.
Package hyperref Info: Backreferencing OFF on input line 4567.
Package hyperref Info: Implicit mode ON; LaTeX internals redefined.
Package hyperref Info: Bookmarks ON on input line 4800.
\c@Hy@tempcnt=\count312
LaTeX Info: Redefining \url on input line 5159.
\XeTeXLinkMargin=\dimen290
 (d:/texlive/2020/texmf-dist/tex/generic/bitset/bitset.sty
Package: bitset 2019/12/09 v1.3 Handle bit-vector datatype (HO)
 (d:/texlive/2020/texmf-dist/tex/generic/bigintcalc/bigintcalc.sty
Package: bigintcalc 2019/12/15 v1.5 Expandable calculations on big integers (HO)
))
\Fld@menulength=\count313
\Field@Width=\dimen291
\Fld@charsize=\dimen292
Package hyperref Info: Hyper figures OFF on input line 6430.
Package hyperref Info: Link nesting OFF on input line 6435.
Package hyperref Info: Hyper index ON on input line 6438.
Package hyperref Info: backreferencing OFF on input line 6445.
Package hyperref Info: Link coloring OFF on input line 6450.
Package hyperref Info: Link coloring with OCG OFF on input line 6455.
Package hyperref Info: PDF/A mode OFF on input line 6460.
LaTeX Info: Redefining \ref on input line 6500.
LaTeX Info: Redefining \pageref on input line 6504.
 (d:/texlive/2020/texmf-dist/tex/generic/atbegshi/atbegshi.sty
Package: atbegshi 2019/12/05 v1.19 At begin shipout hook (HO)
)
\Hy@abspage=\count314
\c@Item=\count315
\c@Hfootnote=\count316
)
Package hyperref Info: Driver (autodetected): hxetex.
 (d:/texlive/2020/texmf-dist/tex/latex/hyperref/hxetex.def
File: hxetex.def 2020/01/14 v7.00d Hyperref driver for XeTeX
 (d:/texlive/2020/texmf-dist/tex/latex/hyperref/puenc.def
File: puenc.def 2020/01/14 v7.00d Hyperref: PDF Unicode definition (HO)
) (d:/texlive/2020/texmf-dist/tex/generic/stringenc/stringenc.sty
Package: stringenc 2019/11/29 v1.12 Convert strings between diff. encodings (HO)
)
\pdfm@box=\box68
\c@Hy@AnnotLevel=\count317
\HyField@AnnotCount=\count318
\Fld@listcount=\count319
\c@bookmark@seq@number=\count320
 (d:/texlive/2020/texmf-dist/tex/latex/rerunfilecheck/rerunfilecheck.sty
Package: rerunfilecheck 2019/12/05 v1.9 Rerun checks for auxiliary files (HO)
 (d:/texlive/2020/texmf-dist/tex/latex/atveryend/atveryend.sty
Package: atveryend 2019-12-11 v1.11 Hooks at the very end of document (HO)
Package atveryend Info: \enddocument detected (standard20110627).
) (d:/texlive/2020/texmf-dist/tex/generic/uniquecounter/uniquecounter.sty
Package: uniquecounter 2019/12/15 v1.4 Provide unlimited unique counter (HO)
)
Package uniquecounter Info: New unique counter `rerunfilecheck' on input line 286.
)
\Hy@SectionHShift=\skip72
) (d:/texlive/2020/texmf-dist/tex/latex/cleveref/cleveref.sty
Package: cleveref 2018/03/27 v0.21.4 Intelligent cross-referencing
Package cleveref Info: `hyperref' support loaded on input line 2370.
LaTeX Info: Redefining \cref on input line 2370.
LaTeX Info: Redefining \Cref on input line 2370.
LaTeX Info: Redefining \crefrange on input line 2370.
LaTeX Info: Redefining \Crefrange on input line 2370.
LaTeX Info: Redefining \cpageref on input line 2370.
LaTeX Info: Redefining \Cpageref on input line 2370.
LaTeX Info: Redefining \cpagerefrange on input line 2370.
LaTeX Info: Redefining \Cpagerefrange on input line 2370.
LaTeX Info: Redefining \labelcref on input line 2370.
LaTeX Info: Redefining \labelcpageref on input line 2370.
Package cleveref Info: `amsthm' support loaded on input line 3026.
Package cleveref Info: `breqn' support loaded on input line 3109.
) (d:/texlive/2020/texmf-dist/tex/latex/booktabs/booktabs.sty
Package: booktabs 2020/01/12 v1.61803398 Publication quality tables
\heavyrulewidth=\dimen293
\lightrulewidth=\dimen294
\cmidrulewidth=\dimen295
\belowrulesep=\dimen296
\belowbottomsep=\dimen297
\aboverulesep=\dimen298
\abovetopsep=\dimen299
\cmidrulesep=\dimen300
\cmidrulekern=\dimen301
\defaultaddspace=\dimen302
\@cmidla=\count321
\@cmidlb=\count322
\@aboverulesep=\dimen303
\@belowrulesep=\dimen304
\@thisruleclass=\count323
\@lastruleclass=\count324
\@thisrulewidth=\dimen305
) (d:/texlive/2020/texmf-dist/tex/latex/graphics/rotating.sty
Package: rotating 2016/08/11 v2.16d rotated objects in LaTeX
\c@r@tfl@t=\count325
\rotFPtop=\skip73
\rotFPbot=\skip74
\rot@float@box=\box69
\rot@mess@toks=\toks46
) (d:/texlive/2020/texmf-dist/tex/latex/colortbl/colortbl.sty
Package: colortbl 2020/01/04 v1.0e Color table columns (DPC)
 (d:/texlive/2020/texmf-dist/tex/latex/tools/array.sty
Package: array 2019/08/31 v2.4l Tabular extension package (FMi)
\col@sep=\dimen306
\ar@mcellbox=\box70
\extrarowheight=\dimen307
\NC@list=\toks47
\extratabsurround=\skip75
\backup@length=\skip76
\ar@cellbox=\box71
)
\everycr=\toks48
\minrowclearance=\skip77
) (d:/texlive/2020/texmf-dist/tex/latex/paralist/paralist.sty
Package: paralist 2017/01/22 v2.7 Extended list environments
\pltopsep=\skip78
\plpartopsep=\skip79
\plitemsep=\skip80
\plparsep=\skip81
\pl@lab=\toks49
) (d:/texlive/2020/texmf-dist/tex/latex/epstopdf-pkg/epstopdf.sty
Package: epstopdf 2020-01-24 v2.11 Conversion with epstopdf on the fly (HO)
 (d:/texlive/2020/texmf-dist/tex/latex/grfext/grfext.sty
Package: grfext 2019/12/03 v1.3 Manage graphics extensions (HO)
) (d:/texlive/2020/texmf-dist/tex/latex/epstopdf-pkg/epstopdf-base.sty
Package: epstopdf-base 2020-01-24 v2.11 Base part for package epstopdf


Package epstopdf Warning: Drivers other than `pdftex' and `luatex' are not supported.

)) (d:/texlive/2020/texmf-dist/tex/latex/nag/nag.sty
Package: nag 2011/11/25 0.7 warning about old commands (ulmi)
\c@nag@c=\count326
\c@nag@sins=\count327
) (d:/texlive/2020/texmf-dist/tex/latex/microtype/microtype.sty
Package: microtype 2019/11/18 v2.7d Micro-typographical refinements (RS)
\MT@toks=\toks50
\MT@count=\count328
LaTeX Info: Redefining \textls on input line 790.
\MT@outer@kern=\dimen308
LaTeX Info: Redefining \textmicrotypecontext on input line 1354.
\MT@listname@count=\count329
 (d:/texlive/2020/texmf-dist/tex/latex/microtype/microtype-xetex.def
File: microtype-xetex.def 2019/11/18 v2.7d Definitions specific to xetex (RS)
LaTeX Info: Redefining \lsstyle on input line 258.
)
Package microtype Info: Loading configuration file microtype.cfg.
 (d:/texlive/2020/texmf-dist/tex/latex/microtype/microtype.cfg
File: microtype.cfg 2019/11/18 v2.7d microtype main configuration file (RS)
)) (d:/texlive/2020/texmf-dist/tex/latex/siunitx/siunitx.sty (d:/texlive/2020/texmf-dist/tex/latex/l3packages/xparse/xparse.sty
Package: xparse 2020-03-06 L3 Experimental document command parser
\l__xparse_current_arg_int=\count330
\g__xparse_grabber_int=\count331
\l__xparse_m_args_int=\count332
\l__xparse_v_nesting_int=\count333
)
Package: siunitx 2020/02/25 v2.8b A comprehensive (SI) units package
 (d:/texlive/2020/texmf-dist/tex/latex/l3packages/l3keys2e/l3keys2e.sty
Package: l3keys2e 2020-03-06 LaTeX2e option processing using LaTeX3 keys
)
\l__siunitx_tmp_box=\box72
\l__siunitx_tmp_dim=\dimen309
\l__siunitx_tmp_int=\count334
\l__siunitx_number_mantissa_length_int=\count335
\l__siunitx_number_uncert_length_int=\count336
\l__siunitx_round_int=\count337
\l__siunitx_process_decimal_int=\count338
\l__siunitx_process_uncertainty_int=\count339
\l__siunitx_process_fixed_int=\count340
\l__siunitx_process_integer_min_int=\count341
\l__siunitx_process_precision_int=\count342
\l__siunitx_group_min_int=\count343
\l__siunitx_angle_marker_box=\box73
\l__siunitx_angle_unit_box=\box74
\l__siunitx_angle_marker_dim=\dimen310
\l__siunitx_angle_unit_dim=\dimen311
\l__siunitx_unit_int=\count344
\l__siunitx_unit_denominator_int=\count345
\l__siunitx_unit_numerator_int=\count346
\l__siunitx_unit_prefix_int=\count347
\l__siunitx_unit_prefix_base_int=\count348
\l__siunitx_unit_prefix_gram_int=\count349
\l__siunitx_number_product_int=\count350
\c__siunitx_one_fill_skip=\skip82
\l__siunitx_table_unit_align_skip=\skip83
\l__siunitx_table_exponent_dim=\dimen312
\l__siunitx_table_integer_dim=\dimen313
\l__siunitx_table_mantissa_dim=\dimen314
\l__siunitx_table_marker_dim=\dimen315
\l__siunitx_table_result_dim=\dimen316
\l__siunitx_table_uncert_dim=\dimen317
\l__siunitx_table_fill_pre_dim=\dimen318
\l__siunitx_table_fill_post_dim=\dimen319
\l__siunitx_table_fill_mid_dim=\dimen320
\l__siunitx_table_pre_box=\box75
\l__siunitx_table_post_box=\box76
\l__siunitx_table_mantissa_box=\box77
\l__siunitx_table_result_box=\box78
\l__siunitx_table_number_align_skip=\skip84
\l__siunitx_table_text_align_skip=\skip85
 (d:/texlive/2020/texmf-dist/tex/latex/translator/translator.sty
Package: translator 2019-05-31 v1.12a Easy translation of strings in LaTeX
)) (d:/texlive/2020/texmf-dist/tex/latex/units/nicefrac.sty
Package: nicefrac 1998/08/04 v0.9b Nice fractions
\L@UnitsRaiseDisplaystyle=\skip86
\L@UnitsRaiseTextstyle=\skip87
\L@UnitsRaiseScriptstyle=\skip88
) (d:/texlive/2020/texmf-dist/tex/latex/breakurl/breakurl.sty
Package: breakurl 2013/04/10 v1.40 Breakable hyperref URLs
 (d:/texlive/2020/texmf-dist/tex/generic/iftex/ifpdf.sty
Package: ifpdf 2019/10/25 v3.4 ifpdf legacy package. Use iftex instead.
)
\burl@toks=\toks51

d:/texlive/2020/texmf-dist/tex/latex/breakurl/breakurl.sty:311: Undefined control sequence.
<argument> \headerps@out 
                         {/burl@stx null def /BU.S { /burl@stx null def } de...
l.311 }
       
The control sequence at the end of the top line
of your error message was never \def'ed. If you have
misspelled it (e.g., `\hobx'), type `I' and the correct
spelling (e.g., `I\hbox'). Otherwise just continue,
and I'll forget about whatever was undefined.


d:/texlive/2020/texmf-dist/tex/latex/breakurl/breakurl.sty:311: LaTeX Error: Missing \begin{document}.

See the LaTeX manual or LaTeX Companion for explanation.
Type  H <return>  for immediate help.
 ...                                              
                                                  
l.311 }
       
You're in trouble here.  Try typing  <return>  to proceed.
If that doesn't work, type  X <return>  to quit.


Overfull \hbox (55.71pt too wide) in paragraph at lines 311--311
[]\TU/lmr/m/n/10 /burl@stx
 []


Overfull \hbox (16.4pt too wide) in paragraph at lines 311--311
\TU/lmr/m/n/10 null
 []


Overfull \hbox (13.06pt too wide) in paragraph at lines 311--311
\TU/lmr/m/n/10 def
 []


Overfull \hbox (27.92pt too wide) in paragraph at lines 311--311
\TU/lmr/m/n/10 /BU.S
 []


Overfull \hbox (43.71pt too wide) in paragraph at lines 311--311
\TU/lmr/m/n/10 /burl@stx
 []


Overfull \hbox (16.4pt too wide) in paragraph at lines 311--311
\TU/lmr/m/n/10 null
 []


Overfull \hbox (13.06pt too wide) in paragraph at lines 311--311
\TU/lmr/m/n/10 def
 []


Overfull \hbox (13.06pt too wide) in paragraph at lines 311--311
\TU/lmr/m/n/10 def
 []


Overfull \hbox (33.48pt too wide) in paragraph at lines 311--311
\TU/lmr/m/n/10 /BU.SS
 []


Overfull \hbox (17.25pt too wide) in paragraph at lines 311--311
\TU/lmr/m/n/10 cur-
 []


Overfull \hbox (20.86pt too wide) in paragraph at lines 311--311
\TU/lmr/m/n/10 rent-
 []


Overfull \hbox (22.79001pt too wide) in paragraph at lines 311--311
\TU/lmr/m/n/10 point
 []


Overfull \hbox (41.44pt too wide) in paragraph at lines 311--311
\TU/lmr/m/n/10 /burl@lly
 []


Overfull \hbox (19.44pt too wide) in paragraph at lines 311--311
\TU/lmr/m/n/10 exch
 []


Overfull \hbox (13.06pt too wide) in paragraph at lines 311--311
\TU/lmr/m/n/10 def
 []


Overfull \hbox (41.44pt too wide) in paragraph at lines 311--311
\TU/lmr/m/n/10 /burl@llx
 []


Overfull \hbox (19.44pt too wide) in paragraph at lines 311--311
\TU/lmr/m/n/10 exch
 []


Overfull \hbox (13.06pt too wide) in paragraph at lines 311--311
\TU/lmr/m/n/10 def
 []


Overfull \hbox (38.71pt too wide) in paragraph at lines 311--311
\TU/lmr/m/n/10 burl@stx
 []


Overfull \hbox (16.4pt too wide) in paragraph at lines 311--311
\TU/lmr/m/n/10 null
 []


Overfull \hbox (10.0pt too wide) in paragraph at lines 311--311
\TU/lmr/m/n/10 ne
 []


Overfull \hbox (46.44pt too wide) in paragraph at lines 311--311
\TU/lmr/m/n/10 burl@endx
 []


Overfull \hbox (36.44pt too wide) in paragraph at lines 311--311
\TU/lmr/m/n/10 burl@llx
 []


Overfull \hbox (10.0pt too wide) in paragraph at lines 311--311
\TU/lmr/m/n/10 ne
 []


Overfull \hbox (30.14pt too wide) in paragraph at lines 311--311
\TU/lmr/m/n/10 BU.FL
 []


Overfull \hbox (22.92pt too wide) in paragraph at lines 311--311
\TU/lmr/m/n/10 BU.S
 []


Overfull \hbox (5.84pt too wide) in paragraph at lines 311--311
\TU/lmr/m/n/10 if
 []


Overfull \hbox (5.84pt too wide) in paragraph at lines 311--311
\TU/lmr/m/n/10 if
 []


Overfull \hbox (38.71pt too wide) in paragraph at lines 311--311
\TU/lmr/m/n/10 burl@stx
 []


Overfull \hbox (16.4pt too wide) in paragraph at lines 311--311
\TU/lmr/m/n/10 null
 []


Overfull \hbox (9.72pt too wide) in paragraph at lines 311--311
\TU/lmr/m/n/10 eq
 []


Overfull \hbox (36.44pt too wide) in paragraph at lines 311--311
\TU/lmr/m/n/10 burl@llx
 []


Overfull \hbox (16.68001pt too wide) in paragraph at lines 311--311
\TU/lmr/m/n/10 dup
 []


Overfull \hbox (43.71pt too wide) in paragraph at lines 311--311
\TU/lmr/m/n/10 /burl@stx
 []


Overfull \hbox (19.44pt too wide) in paragraph at lines 311--311
\TU/lmr/m/n/10 exch
 []


Overfull \hbox (13.06pt too wide) in paragraph at lines 311--311
\TU/lmr/m/n/10 def
 []


Overfull \hbox (51.44pt too wide) in paragraph at lines 311--311
\TU/lmr/m/n/10 /burl@endx
 []


Overfull \hbox (19.44pt too wide) in paragraph at lines 311--311
\TU/lmr/m/n/10 exch
 []


Overfull \hbox (13.06pt too wide) in paragraph at lines 311--311
\TU/lmr/m/n/10 def
 []


Overfull \hbox (36.44pt too wide) in paragraph at lines 311--311
\TU/lmr/m/n/10 burl@lly
 []


Overfull \hbox (16.68001pt too wide) in paragraph at lines 311--311
\TU/lmr/m/n/10 dup
 []


Overfull \hbox (50.33pt too wide) in paragraph at lines 311--311
\TU/lmr/m/n/10 /burl@boty
 []


Overfull \hbox (19.44pt too wide) in paragraph at lines 311--311
\TU/lmr/m/n/10 exch
 []


Overfull \hbox (13.06pt too wide) in paragraph at lines 311--311
\TU/lmr/m/n/10 def
 []


Overfull \hbox (50.05pt too wide) in paragraph at lines 311--311
\TU/lmr/m/n/10 /burl@topy
 []


Overfull \hbox (19.44pt too wide) in paragraph at lines 311--311
\TU/lmr/m/n/10 exch
 []


Overfull \hbox (13.06pt too wide) in paragraph at lines 311--311
\TU/lmr/m/n/10 def
 []


Overfull \hbox (5.84pt too wide) in paragraph at lines 311--311
\TU/lmr/m/n/10 if
 []


Overfull \hbox (36.44pt too wide) in paragraph at lines 311--311
\TU/lmr/m/n/10 burl@lly
 []


Overfull \hbox (45.33pt too wide) in paragraph at lines 311--311
\TU/lmr/m/n/10 burl@boty
 []


Overfull \hbox (8.89pt too wide) in paragraph at lines 311--311
\TU/lmr/m/n/10 gt
 []


Overfull \hbox (50.33pt too wide) in paragraph at lines 311--311
\TU/lmr/m/n/10 /burl@boty
 []


Overfull \hbox (36.44pt too wide) in paragraph at lines 311--311
\TU/lmr/m/n/10 burl@lly
 []


Overfull \hbox (13.06pt too wide) in paragraph at lines 311--311
\TU/lmr/m/n/10 def
 []


Overfull \hbox (5.84pt too wide) in paragraph at lines 311--311
\TU/lmr/m/n/10 if
 []


Overfull \hbox (13.06pt too wide) in paragraph at lines 311--311
\TU/lmr/m/n/10 def
 []


Overfull \hbox (34.73pt too wide) in paragraph at lines 311--311
\TU/lmr/m/n/10 /BU.SE
 []


Overfull \hbox (17.25pt too wide) in paragraph at lines 311--311
\TU/lmr/m/n/10 cur-
 []


Overfull \hbox (20.86pt too wide) in paragraph at lines 311--311
\TU/lmr/m/n/10 rent-
 []


Overfull \hbox (22.79001pt too wide) in paragraph at lines 311--311
\TU/lmr/m/n/10 point
 []


Overfull \hbox (45.36pt too wide) in paragraph at lines 311--311
\TU/lmr/m/n/10 /burl@ury
 []


Overfull \hbox (19.44pt too wide) in paragraph at lines 311--311
\TU/lmr/m/n/10 exch
 []


Overfull \hbox (13.06pt too wide) in paragraph at lines 311--311
\TU/lmr/m/n/10 def
 []


Overfull \hbox (16.68001pt too wide) in paragraph at lines 311--311
\TU/lmr/m/n/10 dup
 []


Overfull \hbox (45.36pt too wide) in paragraph at lines 311--311
\TU/lmr/m/n/10 /burl@urx
 []


Overfull \hbox (19.44pt too wide) in paragraph at lines 311--311
\TU/lmr/m/n/10 exch
 []


Overfull \hbox (13.06pt too wide) in paragraph at lines 311--311
\TU/lmr/m/n/10 def
 []


Overfull \hbox (51.44pt too wide) in paragraph at lines 311--311
\TU/lmr/m/n/10 /burl@endx
 []


Overfull \hbox (19.44pt too wide) in paragraph at lines 311--311
\TU/lmr/m/n/10 exch
 []


Overfull \hbox (13.06pt too wide) in paragraph at lines 311--311
\TU/lmr/m/n/10 def
 []


Overfull \hbox (40.36pt too wide) in paragraph at lines 311--311
\TU/lmr/m/n/10 burl@ury
 []


Overfull \hbox (45.05pt too wide) in paragraph at lines 311--311
\TU/lmr/m/n/10 burl@topy
 []


Overfull \hbox (6.67pt too wide) in paragraph at lines 311--311
\TU/lmr/m/n/10 lt
 []


Overfull \hbox (50.05pt too wide) in paragraph at lines 311--311
\TU/lmr/m/n/10 /burl@topy
 []


Overfull \hbox (40.36pt too wide) in paragraph at lines 311--311
\TU/lmr/m/n/10 burl@ury
 []


Overfull \hbox (13.06pt too wide) in paragraph at lines 311--311
\TU/lmr/m/n/10 def
 []


Overfull \hbox (5.84pt too wide) in paragraph at lines 311--311
\TU/lmr/m/n/10 if
 []


Overfull \hbox (13.06pt too wide) in paragraph at lines 311--311
\TU/lmr/m/n/10 def
 []


Overfull \hbox (29.17pt too wide) in paragraph at lines 311--311
\TU/lmr/m/n/10 /BU.E
 []


Overfull \hbox (30.14pt too wide) in paragraph at lines 311--311
\TU/lmr/m/n/10 BU.FL
 []


Overfull \hbox (13.06pt too wide) in paragraph at lines 311--311
\TU/lmr/m/n/10 def
 []


Overfull \hbox (35.14pt too wide) in paragraph at lines 311--311
\TU/lmr/m/n/10 /BU.FL
 []


Overfull \hbox (38.71pt too wide) in paragraph at lines 311--311
\TU/lmr/m/n/10 burl@stx
 []


Overfull \hbox (16.4pt too wide) in paragraph at lines 311--311
\TU/lmr/m/n/10 null
 []


Overfull \hbox (10.0pt too wide) in paragraph at lines 311--311
\TU/lmr/m/n/10 ne
 []


Overfull \hbox (31.53pt too wide) in paragraph at lines 311--311
\TU/lmr/m/n/10 BU.DF
 []


Overfull \hbox (5.84pt too wide) in paragraph at lines 311--311
\TU/lmr/m/n/10 if
 []


Overfull \hbox (13.06pt too wide) in paragraph at lines 311--311
\TU/lmr/m/n/10 def
 []


Overfull \hbox (36.53pt too wide) in paragraph at lines 311--311
\TU/lmr/m/n/10 /BU.DF
 []


Overfull \hbox (31.52pt too wide) in paragraph at lines 311--311
\TU/lmr/m/n/10 BU.BB
 []


Overfull \hbox (2.78pt too wide) in paragraph at lines 311--311
\TU/lmr/m/n/10 [
 []


Overfull \hbox (12.5pt too wide) in paragraph at lines 311--311
\TU/lmr/m/n/10 /H
 []


Overfull \hbox (8.61pt too wide) in paragraph at lines 311--311
\TU/lmr/m/n/10 /I
 []


Overfull \hbox (24.33pt too wide) in paragraph at lines 311--311
\TU/lmr/m/n/10 /Bor-
 []


Overfull \hbox (13.92pt too wide) in paragraph at lines 311--311
\TU/lmr/m/n/10 der
 []


Overfull \hbox (59.84pt too wide) in paragraph at lines 311--311
\TU/lmr/m/n/10 [burl@border]
 []


Overfull \hbox (28.92pt too wide) in paragraph at lines 311--311
\TU/lmr/m/n/10 /Color
 []


Overfull \hbox (80.98001pt too wide) in paragraph at lines 311--311
\TU/lmr/m/n/10 [burl@bordercolor]
 []


Overfull \hbox (19.99pt too wide) in paragraph at lines 311--311
\TU/lmr/m/n/10 /Ac-
 []


Overfull \hbox (17.23pt too wide) in paragraph at lines 311--311
\TU/lmr/m/n/10 tion
 []


Overfull \hbox (5.56pt too wide) in paragraph at lines 311--311
\TU/lmr/m/n/10 «
 []


Overfull \hbox (25.01pt too wide) in paragraph at lines 311--311
\TU/lmr/m/n/10 /Sub-
 []


Overfull \hbox (19.17pt too wide) in paragraph at lines 311--311
\TU/lmr/m/n/10 type
 []


Overfull \hbox (23.47pt too wide) in paragraph at lines 311--311
\TU/lmr/m/n/10 /URI
 []


Overfull \hbox (23.47pt too wide) in paragraph at lines 311--311
\TU/lmr/m/n/10 /URI
 []


Overfull \hbox (23.61pt too wide) in paragraph at lines 311--311
\TU/lmr/m/n/10 BU.L
 []


Overfull \hbox (5.56pt too wide) in paragraph at lines 311--311
\TU/lmr/m/n/10 »
 []


Overfull \hbox (25.01pt too wide) in paragraph at lines 311--311
\TU/lmr/m/n/10 /Sub-
 []


Overfull \hbox (19.17pt too wide) in paragraph at lines 311--311
\TU/lmr/m/n/10 type
 []


Overfull \hbox (24.87pt too wide) in paragraph at lines 311--311
\TU/lmr/m/n/10 /Link
 []


Overfull \hbox (24.44pt too wide) in paragraph at lines 311--311
\TU/lmr/m/n/10 BU.B
 []


Overfull \hbox (27.5pt too wide) in paragraph at lines 311--311
\TU/lmr/m/n/10 /ANN
 []


Overfull \hbox (17.79001pt too wide) in paragraph at lines 311--311
\TU/lmr/m/n/10 pdf-
 []


Overfull \hbox (22.53pt too wide) in paragraph at lines 311--311
\TU/lmr/m/n/10 mark
 []


Overfull \hbox (43.71pt too wide) in paragraph at lines 311--311
\TU/lmr/m/n/10 /burl@stx
 []


Overfull \hbox (16.4pt too wide) in paragraph at lines 311--311
\TU/lmr/m/n/10 null
 []


Overfull \hbox (13.06pt too wide) in paragraph at lines 311--311
\TU/lmr/m/n/10 def
 []


Overfull \hbox (13.06pt too wide) in paragraph at lines 311--311
\TU/lmr/m/n/10 def
 []


Overfull \hbox (36.52pt too wide) in paragraph at lines 311--311
\TU/lmr/m/n/10 /BU.BB
 []


Overfull \hbox (38.71pt too wide) in paragraph at lines 311--311
\TU/lmr/m/n/10 burl@stx
 []


Overfull \hbox (16.11pt too wide) in paragraph at lines 311--311
\TU/lmr/m/n/10 Hy-
 []


Overfull \hbox (17.53pt too wide) in paragraph at lines 311--311
\TU/lmr/m/n/10 per-
 []


Overfull \hbox (19.33pt too wide) in paragraph at lines 311--311
\TU/lmr/m/n/10 Bor-
 []


Overfull \hbox (13.92pt too wide) in paragraph at lines 311--311
\TU/lmr/m/n/10 der
 []


Overfull \hbox (15.06pt too wide) in paragraph at lines 311--311
\TU/lmr/m/n/10 sub
 []


Overfull \hbox (43.71pt too wide) in paragraph at lines 311--311
\TU/lmr/m/n/10 /burl@stx
 []


Overfull \hbox (19.44pt too wide) in paragraph at lines 311--311
\TU/lmr/m/n/10 exch
 []


Overfull \hbox (13.06pt too wide) in paragraph at lines 311--311
\TU/lmr/m/n/10 def
 []


Overfull \hbox (46.44pt too wide) in paragraph at lines 311--311
\TU/lmr/m/n/10 burl@endx
 []


Overfull \hbox (16.11pt too wide) in paragraph at lines 311--311
\TU/lmr/m/n/10 Hy-
 []


Overfull \hbox (17.53pt too wide) in paragraph at lines 311--311
\TU/lmr/m/n/10 per-
 []


Overfull \hbox (19.33pt too wide) in paragraph at lines 311--311
\TU/lmr/m/n/10 Bor-
 []


Overfull \hbox (13.92pt too wide) in paragraph at lines 311--311
\TU/lmr/m/n/10 der
 []


Overfull \hbox (16.12pt too wide) in paragraph at lines 311--311
\TU/lmr/m/n/10 add
 []


Overfull \hbox (51.44pt too wide) in paragraph at lines 311--311
\TU/lmr/m/n/10 /burl@endx
 []


Overfull \hbox (19.44pt too wide) in paragraph at lines 311--311
\TU/lmr/m/n/10 exch
 []


Overfull \hbox (13.06pt too wide) in paragraph at lines 311--311
\TU/lmr/m/n/10 def
 []


Overfull \hbox (45.33pt too wide) in paragraph at lines 311--311
\TU/lmr/m/n/10 burl@boty
 []


Overfull \hbox (16.11pt too wide) in paragraph at lines 311--311
\TU/lmr/m/n/10 Hy-
 []


Overfull \hbox (17.53pt too wide) in paragraph at lines 311--311
\TU/lmr/m/n/10 per-
 []


Overfull \hbox (19.33pt too wide) in paragraph at lines 311--311
\TU/lmr/m/n/10 Bor-
 []


Overfull \hbox (13.92pt too wide) in paragraph at lines 311--311
\TU/lmr/m/n/10 der
 []


Overfull \hbox (16.12pt too wide) in paragraph at lines 311--311
\TU/lmr/m/n/10 add
 []


Overfull \hbox (50.33pt too wide) in paragraph at lines 311--311
\TU/lmr/m/n/10 /burl@boty
 []


Overfull \hbox (19.44pt too wide) in paragraph at lines 311--311
\TU/lmr/m/n/10 exch
 []


Overfull \hbox (13.06pt too wide) in paragraph at lines 311--311
\TU/lmr/m/n/10 def
 []


Overfull \hbox (45.05pt too wide) in paragraph at lines 311--311
\TU/lmr/m/n/10 burl@topy
 []


Overfull \hbox (16.11pt too wide) in paragraph at lines 311--311
\TU/lmr/m/n/10 Hy-
 []


Overfull \hbox (17.53pt too wide) in paragraph at lines 311--311
\TU/lmr/m/n/10 per-
 []


Overfull \hbox (19.33pt too wide) in paragraph at lines 311--311
\TU/lmr/m/n/10 Bor-
 []


Overfull \hbox (13.92pt too wide) in paragraph at lines 311--311
\TU/lmr/m/n/10 der
 []


Overfull \hbox (15.06pt too wide) in paragraph at lines 311--311
\TU/lmr/m/n/10 sub
 []


Overfull \hbox (50.05pt too wide) in paragraph at lines 311--311
\TU/lmr/m/n/10 /burl@topy
 []


Overfull \hbox (19.44pt too wide) in paragraph at lines 311--311
\TU/lmr/m/n/10 exch
 []


Overfull \hbox (13.06pt too wide) in paragraph at lines 311--311
\TU/lmr/m/n/10 def
 []


Overfull \hbox (13.06pt too wide) in paragraph at lines 311--311
\TU/lmr/m/n/10 def
 []


Overfull \hbox (29.44pt too wide) in paragraph at lines 311--311
\TU/lmr/m/n/10 /BU.B
 []


Overfull \hbox (66.62001pt too wide) in paragraph at lines 311--311
\TU/lmr/m/n/10 /Rect[burl@stx
 []


Overfull \hbox (45.33pt too wide) in paragraph at lines 311--311
\TU/lmr/m/n/10 burl@boty
 []


Overfull \hbox (46.44pt too wide) in paragraph at lines 311--311
\TU/lmr/m/n/10 burl@endx
 []


Overfull \hbox (47.83pt too wide) in paragraph at lines 311--311
\TU/lmr/m/n/10 burl@topy]
 []


Overfull \hbox (13.06pt too wide) in paragraph at lines 311--311
\TU/lmr/m/n/10 def
 []


Overfull \hbox (20.0pt too wide) in paragraph at lines 311--311
\TU/lmr/m/n/10 /eop
 []


Overfull \hbox (25.58pt too wide) in paragraph at lines 311--311
\TU/lmr/m/n/10 where
 []


Overfull \hbox (13.61pt too wide) in paragraph at lines 311--311
\TU/lmr/m/n/10 be-
 []


Overfull \hbox (13.34pt too wide) in paragraph at lines 311--311
\TU/lmr/m/n/10 gin
 []


Overfull \hbox (39.45pt too wide) in paragraph at lines 311--311
\TU/lmr/m/n/10 /@ldeop-
 []


Overfull \hbox (17.82pt too wide) in paragraph at lines 311--311
\TU/lmr/m/n/10 burl
 []


Overfull \hbox (20.0pt too wide) in paragraph at lines 311--311
\TU/lmr/m/n/10 /eop
 []


Overfull \hbox (18.34pt too wide) in paragraph at lines 311--311
\TU/lmr/m/n/10 load
 []


Overfull \hbox (13.06pt too wide) in paragraph at lines 311--311
\TU/lmr/m/n/10 def
 []


Overfull \hbox (20.0pt too wide) in paragraph at lines 311--311
\TU/lmr/m/n/10 /eop
 []


Overfull \hbox (24.31pt too wide) in paragraph at lines 311--311
\TU/lmr/m/n/10 SDict
 []


Overfull \hbox (13.61pt too wide) in paragraph at lines 311--311
\TU/lmr/m/n/10 be-
 []


Overfull \hbox (13.34pt too wide) in paragraph at lines 311--311
\TU/lmr/m/n/10 gin
 []


Overfull \hbox (30.14pt too wide) in paragraph at lines 311--311
\TU/lmr/m/n/10 BU.FL
 []


Overfull \hbox (15.56pt too wide) in paragraph at lines 311--311
\TU/lmr/m/n/10 end
 []


Overfull \hbox (34.45pt too wide) in paragraph at lines 311--311
\TU/lmr/m/n/10 @ldeop-
 []


Overfull \hbox (17.82pt too wide) in paragraph at lines 311--311
\TU/lmr/m/n/10 burl
 []


Overfull \hbox (13.06pt too wide) in paragraph at lines 311--311
\TU/lmr/m/n/10 def
 []


Overfull \hbox (15.56pt too wide) in paragraph at lines 311--311
\TU/lmr/m/n/10 end
 []


Overfull \hbox (20.0pt too wide) in paragraph at lines 311--311
\TU/lmr/m/n/10 /eop
 []


Overfull \hbox (24.31pt too wide) in paragraph at lines 311--311
\TU/lmr/m/n/10 SDict
 []


Overfull \hbox (13.61pt too wide) in paragraph at lines 311--311
\TU/lmr/m/n/10 be-
 []


Overfull \hbox (13.34pt too wide) in paragraph at lines 311--311
\TU/lmr/m/n/10 gin
 []


Overfull \hbox (30.14pt too wide) in paragraph at lines 311--311
\TU/lmr/m/n/10 BU.FL
 []


Overfull \hbox (15.56pt too wide) in paragraph at lines 311--311
\TU/lmr/m/n/10 end
 []


Overfull \hbox (13.06pt too wide) in paragraph at lines 311--311
\TU/lmr/m/n/10 def
 []


Overfull \hbox (21.44pt too wide) in paragraph at lines 311--311
\TU/lmr/m/n/10 ifelse 
 []

) (d:/texlive/2020/texmf-dist/tex/latex/fontawesome/fontawesome.sty
Package: fontawesome 2016/05/15 v4.6.3.1 font awesome icons
 (d:/texlive/2020/texmf-dist/tex/generic/iftex/ifxetex.sty
Package: ifxetex 2019/10/25 v0.7 ifxetex legacy package. Use iftex instead.
) (d:/texlive/2020/texmf-dist/tex/generic/iftex/ifluatex.sty
Package: ifluatex 2019/10/25 v1.5 ifluatex legacy package. Use iftex instead.
) (d:/texlive/2020/texmf-dist/tex/latex/fontawesome/fontawesomesymbols-generic.tex) (d:/texlive/2020/texmf-dist/tex/latex/fontspec/fontspec.sty
Package: fontspec 2020/02/21 v2.7i Font selection for XeLaTeX and LuaLaTeX
 (d:/texlive/2020/texmf-dist/tex/latex/fontspec/fontspec-xetex.sty
Package: fontspec-xetex 2020/02/21 v2.7i Font selection for XeLaTeX and LuaLaTeX
\l__fontspec_script_int=\count351
\l__fontspec_language_int=\count352
\l__fontspec_strnum_int=\count353
\l__fontspec_tmp_int=\count354
\l__fontspec_tmpa_int=\count355
\l__fontspec_tmpb_int=\count356
\l__fontspec_tmpc_int=\count357
\l__fontspec_em_int=\count358
\l__fontspec_emdef_int=\count359
\l__fontspec_strong_int=\count360
\l__fontspec_strongdef_int=\count361
\l__fontspec_tmpa_dim=\dimen321
\l__fontspec_tmpb_dim=\dimen322
\l__fontspec_tmpc_dim=\dimen323
 (d:/texlive/2020/texmf-dist/tex/latex/base/fontenc.sty
Package: fontenc 2020/02/11 v2.0o Standard LaTeX package
) (d:/texlive/2020/texmf-dist/tex/latex/fontspec/fontspec.cfg)))

Package fontspec Info: Could not resolve font "FontAwesome/BI" (it probably
(fontspec)             doesn't exist).


Package fontspec Info: Could not resolve font "FontAwesome/B" (it probably
(fontspec)             doesn't exist).


Package fontspec Info: Could not resolve font "FontAwesome/I" (it probably
(fontspec)             doesn't exist).


Package fontspec Info: Font family 'FontAwesome(0)' created for font
(fontspec)             'FontAwesome' with options [].
(fontspec)              
(fontspec)              This font family consists of the following NFSS
(fontspec)             series/shapes:
(fontspec)              
(fontspec)             - 'normal' (m/n) with NFSS spec.:
(fontspec)             <->"FontAwesome/OT:language=dflt;"
(fontspec)             - 'small caps'  (m/sc) with NFSS spec.: 

 (d:/texlive/2020/texmf-dist/tex/latex/fontawesome/fontawesomesymbols-xeluatex.tex)) (d:/texlive/2020/texmf-dist/tex/latex/tools/multicol.sty
Package: multicol 2019/12/09 v1.8y multicolumn formatting (FMi)
\c@tracingmulticols=\count362
\mult@box=\box79
\multicol@leftmargin=\dimen324
\c@unbalance=\count363
\c@collectmore=\count364
\doublecol@number=\count365
\multicoltolerance=\count366
\multicolpretolerance=\count367
\full@width=\dimen325
\page@free=\dimen326
\premulticols=\dimen327
\postmulticols=\dimen328
\multicolsep=\skip89
\multicolbaselineskip=\skip90
\partial@page=\box80
\last@line=\box81
\maxbalancingoverflow=\dimen329
\mult@rightbox=\box82
\mult@grightbox=\box83
\mult@gfirstbox=\box84
\mult@firstbox=\box85
\@tempa=\box86
\@tempa=\box87
\@tempa=\box88
\@tempa=\box89
\@tempa=\box90
\@tempa=\box91
\@tempa=\box92
\@tempa=\box93
\@tempa=\box94
\@tempa=\box95
\@tempa=\box96
\@tempa=\box97
\@tempa=\box98
\@tempa=\box99
\@tempa=\box100
\@tempa=\box101
\@tempa=\box102
\@tempa=\box103
\@tempa=\box104
\@tempa=\box105
\@tempa=\box106
\@tempa=\box107
\@tempa=\box108
\@tempa=\box109
\@tempa=\box110
\@tempa=\box111
\@tempa=\box112
\@tempa=\box113
\@tempa=\box114
\@tempa=\box115
\@tempa=\box116
\@tempa=\box117
\@tempa=\box118
\@tempa=\box119
\@tempa=\box120
\@tempa=\box121
\@tempa=\box122
\c@minrows=\count368
\c@columnbadness=\count369
\c@finalcolumnbadness=\count370
\last@try=\dimen330
\multicolovershoot=\dimen331
\multicolundershoot=\dimen332
\mult@nat@firstbox=\box123
\colbreak@box=\box124
\mc@col@check@num=\count371
) (d:/texlive/2020/texmf-dist/tex/latex/wrapfig/wrapfig.sty
\wrapoverhang=\dimen333
\WF@size=\dimen334
\c@WF@wrappedlines=\count372
\WF@box=\box125
\WF@everypar=\toks52
Package: wrapfig 2003/01/31  v 3.6
) (d:/texlive/2020/texmf-dist/tex/latex/tablefootnote/tablefootnote.sty
Package: tablefootnote 2014/01/26 v1.1c Table foot notes (HMM)
 (d:/texlive/2020/texmf-dist/tex/latex/xifthen/xifthen.sty
Package: xifthen 2015/11/05 v1.4.0 Extended ifthen features
 (d:/texlive/2020/texmf-dist/tex/latex/ifmtarg/ifmtarg.sty
Package: ifmtarg 2018/04/16 v1.2b check for an empty argument
)) (d:/texlive/2020/texmf-dist/tex/latex/etoolbox/etoolbox.sty
Package: etoolbox 2019/09/21 v2.5h e-TeX tools for LaTeX (JAW)
\etb@tempcnta=\count373


Package etoolbox Warning: Patching '\end' failed!
(etoolbox)                '\AfterEndEnvironment' will not work.

)) (d:/texlive/2020/texmf-dist/tex/latex/threeparttable/threeparttable.sty
Package: threeparttable 2003/06/13  v 3.0
\@tempboxb=\box126
) (d:/texlive/2020/texmf-dist/tex/latex/lipsum/lipsum.sty
Package: lipsum 2019/01/02 v2.2 150 paragraphs of Lorem Ipsum dummy text
 (d:/texlive/2020/texmf-dist/tex/latex/lipsum/lipsum.ltd.tex
File: lipsum.ltd.tex 2019/01/02 v2.2 The Lorem ipsum dummy text
)) (d:/texlive/2020/texmf-dist/tex/generic/babel/babel.sty
Package: babel 2020/03/22 3.42 The Babel package
 (d:/texlive/2020/texmf-dist/tex/generic/babel/switch.def
File: switch.def 2020/03/22 3.42 Babel switching mechanism
) (d:/texlive/2020/texmf-dist/tex/generic/babel-english/english.ldf
Language: english 2017/06/06 v3.3r English support from the babel system
 (d:/texlive/2020/texmf-dist/tex/generic/babel/babel.def
File: babel.def 2020/03/22 3.42 Babel common definitions
\babel@savecnt=\count374
\U@D=\dimen335
 (d:/texlive/2020/texmf-dist/tex/generic/babel/xebabel.def (d:/texlive/2020/texmf-dist/tex/generic/babel/txtbabel.def))
\bbl@readstream=\read3
\bbl@dirlevel=\count375
)
Package babel Info: \l@canadian = using hyphenrules for english
(babel)             (\language0) on input line 102.
Package babel Info: \l@australian = using hyphenrules for ukenglish
(babel)             (\language21) on input line 105.
Package babel Info: \l@newzealand = using hyphenrules for ukenglish
(babel)             (\language21) on input line 108.
)) (d:/texlive/2020/texmf-dist/tex/latex/blindtext/blindtext.sty
Package: blindtext 2012/01/06 V2.0 blindtext-Package
 (d:/texlive/2020/texmf-dist/tex/latex/tools/xspace.sty
Package: xspace 2014/10/28 v1.13 Space after command names (DPC,MH)
)
\c@blindtext=\count376
\c@Blindtext=\count377
\c@blind@countparstart=\count378
\blind@countxx=\count379
\blindtext@numBlindtext=\count380
\blind@countyy=\count381
\c@blindlist=\count382
\c@blindlistlevel=\count383
\c@blindlist@level=\count384
\blind@listitem=\count385
\c@blind@listcount=\count386
\c@blind@levelcount=\count387
\blind@mathformula=\count388
\blind@Mathformula=\count389
\c@blind@randomcount=\count390
\c@blind@randommax=\count391
\c@blind@pangramcount=\count392
\c@blind@pangrammax=\count393
) (d:/texlive/2020/texmf-dist/tex/generic/pgf/frontendlayer/tikz/libraries/tikzlibraryfit.code.tex
File: tikzlibraryfit.code.tex 2020/01/08 v3.1.5b (3.1.5b)
) (d:/texlive/2020/texmf-dist/tex/generic/pgf/libraries/pgflibraryarrows.meta.code.tex
File: pgflibraryarrows.meta.code.tex 2020/01/08 v3.1.5b (3.1.5b)
\pgfarrowinset=\dimen336
\pgfarrowlength=\dimen337
\pgfarrowwidth=\dimen338
\pgfarrowlinewidth=\dimen339
) (d:/texlive/2020/texmf-dist/tex/generic/pgf/frontendlayer/tikz/libraries/tikzlibraryshapes.code.tex
File: tikzlibraryshapes.code.tex 2020/01/08 v3.1.5b (3.1.5b)
 (d:/texlive/2020/texmf-dist/tex/generic/pgf/frontendlayer/tikz/libraries/tikzlibraryshapes.geometric.code.tex
File: tikzlibraryshapes.geometric.code.tex 2020/01/08 v3.1.5b (3.1.5b)
 (d:/texlive/2020/texmf-dist/tex/generic/pgf/libraries/shapes/pgflibraryshapes.geometric.code.tex
File: pgflibraryshapes.geometric.code.tex 2020/01/08 v3.1.5b (3.1.5b)
)) (d:/texlive/2020/texmf-dist/tex/generic/pgf/frontendlayer/tikz/libraries/tikzlibraryshapes.misc.code.tex
File: tikzlibraryshapes.misc.code.tex 2020/01/08 v3.1.5b (3.1.5b)
 (d:/texlive/2020/texmf-dist/tex/generic/pgf/libraries/shapes/pgflibraryshapes.misc.code.tex
File: pgflibraryshapes.misc.code.tex 2020/01/08 v3.1.5b (3.1.5b)
)) (d:/texlive/2020/texmf-dist/tex/generic/pgf/frontendlayer/tikz/libraries/tikzlibraryshapes.symbols.code.tex
File: tikzlibraryshapes.symbols.code.tex 2020/01/08 v3.1.5b (3.1.5b)
 (d:/texlive/2020/texmf-dist/tex/generic/pgf/libraries/shapes/pgflibraryshapes.symbols.code.tex
File: pgflibraryshapes.symbols.code.tex 2020/01/08 v3.1.5b (3.1.5b)
)) (d:/texlive/2020/texmf-dist/tex/generic/pgf/frontendlayer/tikz/libraries/tikzlibraryshapes.arrows.code.tex
File: tikzlibraryshapes.arrows.code.tex 2020/01/08 v3.1.5b (3.1.5b)
 (d:/texlive/2020/texmf-dist/tex/generic/pgf/libraries/shapes/pgflibraryshapes.arrows.code.tex
File: pgflibraryshapes.arrows.code.tex 2020/01/08 v3.1.5b (3.1.5b)
)) (d:/texlive/2020/texmf-dist/tex/generic/pgf/frontendlayer/tikz/libraries/tikzlibraryshapes.callouts.code.tex (d:/texlive/2020/texmf-dist/tex/generic/pgf/libraries/shapes/pgflibraryshapes.callouts.code.tex)) (d:/texlive/2020/texmf-dist/tex/generic/pgf/frontendlayer/tikz/libraries/tikzlibraryshapes.multipart.code.tex
File: tikzlibraryshapes.multipart.code.tex 2020/01/08 v3.1.5b (3.1.5b)
 (d:/texlive/2020/texmf-dist/tex/generic/pgf/libraries/shapes/pgflibraryshapes.multipart.code.tex
File: pgflibraryshapes.multipart.code.tex 2020/01/08 v3.1.5b (3.1.5b)
\pgfnodepartlowerbox=\box127
\pgfnodeparttwobox=\box128
\pgfnodepartthreebox=\box129
\pgfnodepartfourbox=\box130
\pgfnodeparttwentybox=\box131
\pgfnodepartnineteenbox=\box132
\pgfnodeparteighteenbox=\box133
\pgfnodepartseventeenbox=\box134
\pgfnodepartsixteenbox=\box135
\pgfnodepartfifteenbox=\box136
\pgfnodepartfourteenbox=\box137
\pgfnodepartthirteenbox=\box138
\pgfnodeparttwelvebox=\box139
\pgfnodepartelevenbox=\box140
\pgfnodeparttenbox=\box141
\pgfnodepartninebox=\box142
\pgfnodeparteightbox=\box143
\pgfnodepartsevenbox=\box144
\pgfnodepartsixbox=\box145
\pgfnodepartfivebox=\box146
))) (d:/texlive/2020/texmf-dist/tex/generic/pgf/frontendlayer/tikz/libraries/tikzlibraryarrows.code.tex
File: tikzlibraryarrows.code.tex 2020/01/08 v3.1.5b (3.1.5b)
 (d:/texlive/2020/texmf-dist/tex/generic/pgf/libraries/pgflibraryarrows.code.tex
File: pgflibraryarrows.code.tex 2020/01/08 v3.1.5b (3.1.5b)
\arrowsize=\dimen340
)) Including 'TulipStyle' comment.
\openout3 = `comment.cut'.

 Straight input of comment.cut. (./comment.cut (d:/texlive/2020/texmf-dist/tex/latex/natbib/natbib.sty
Package: natbib 2010/09/13 8.31b (PWD, AO)
\bibhang=\skip91
\bibsep=\skip92
LaTeX Info: Redefining \cite on input line 694.
\c@NAT@ctr=\count394
) (d:/texlive/2020/texmf-dist/tex/latex/gitinfo2/gitinfo2.sty
Package: gitinfo2 2015/11/22 v2.0.7 git revision information
 (d:/texlive/2020/texmf-dist/tex/generic/xstring/xstring.sty (d:/texlive/2020/texmf-dist/tex/generic/xstring/xstring.tex
\integerpart=\count395
Invalid UTF-8 byte or sequence at line 35 replaced by U+FFFD.
\decimalpart=\count396
Invalid UTF-8 byte or sequence at line 79 replaced by U+FFFD.
Invalid UTF-8 byte or sequence at line 79 replaced by U+FFFD.
Invalid UTF-8 byte or sequence at line 83 replaced by U+FFFD.
Invalid UTF-8 byte or sequence at line 86 replaced by U+FFFD.
Invalid UTF-8 byte or sequence at line 102 replaced by U+FFFD.
Invalid UTF-8 byte or sequence at line 114 replaced by U+FFFD.
Invalid UTF-8 byte or sequence at line 120 replaced by U+FFFD.
Invalid UTF-8 byte or sequence at line 125 replaced by U+FFFD.
Invalid UTF-8 byte or sequence at line 147 replaced by U+FFFD.
Invalid UTF-8 byte or sequence at line 147 replaced by U+FFFD.
Invalid UTF-8 byte or sequence at line 147 replaced by U+FFFD.
Invalid UTF-8 byte or sequence at line 182 replaced by U+FFFD.
Invalid UTF-8 byte or sequence at line 182 replaced by U+FFFD.
Invalid UTF-8 byte or sequence at line 182 replaced by U+FFFD.
Invalid UTF-8 byte or sequence at line 183 replaced by U+FFFD.
Invalid UTF-8 byte or sequence at line 184 replaced by U+FFFD.
Invalid UTF-8 byte or sequence at line 185 replaced by U+FFFD.
Invalid UTF-8 byte or sequence at line 185 replaced by U+FFFD.
Invalid UTF-8 byte or sequence at line 185 replaced by U+FFFD.
Invalid UTF-8 byte or sequence at line 189 replaced by U+FFFD.
Invalid UTF-8 byte or sequence at line 189 replaced by U+FFFD.
Invalid UTF-8 byte or sequence at line 190 replaced by U+FFFD.
Invalid UTF-8 byte or sequence at line 190 replaced by U+FFFD.
Invalid UTF-8 byte or sequence at line 193 replaced by U+FFFD.
Invalid UTF-8 byte or sequence at line 208 replaced by U+FFFD.
Invalid UTF-8 byte or sequence at line 208 replaced by U+FFFD.
Invalid UTF-8 byte or sequence at line 208 replaced by U+FFFD.
Invalid UTF-8 byte or sequence at line 208 replaced by U+FFFD.
Invalid UTF-8 byte or sequence at line 208 replaced by U+FFFD.
Invalid UTF-8 byte or sequence at line 208 replaced by U+FFFD.
Invalid UTF-8 byte or sequence at line 221 replaced by U+FFFD.
Invalid UTF-8 byte or sequence at line 221 replaced by U+FFFD.
Invalid UTF-8 byte or sequence at line 241 replaced by U+FFFD.
Invalid UTF-8 byte or sequence at line 241 replaced by U+FFFD.
Invalid UTF-8 byte or sequence at line 241 replaced by U+FFFD.
Invalid UTF-8 byte or sequence at line 241 replaced by U+FFFD.
Invalid UTF-8 byte or sequence at line 266 replaced by U+FFFD.
Invalid UTF-8 byte or sequence at line 284 replaced by U+FFFD.
Invalid UTF-8 byte or sequence at line 295 replaced by U+FFFD.
Invalid UTF-8 byte or sequence at line 300 replaced by U+FFFD.
Invalid UTF-8 byte or sequence at line 300 replaced by U+FFFD.
Invalid UTF-8 byte or sequence at line 301 replaced by U+FFFD.
Invalid UTF-8 byte or sequence at line 301 replaced by U+FFFD.
Invalid UTF-8 byte or sequence at line 301 replaced by U+FFFD.
Invalid UTF-8 byte or sequence at line 302 replaced by U+FFFD.
Invalid UTF-8 byte or sequence at line 303 replaced by U+FFFD.
Invalid UTF-8 byte or sequence at line 332 replaced by U+FFFD.
Invalid UTF-8 byte or sequence at line 332 replaced by U+FFFD.
Invalid UTF-8 byte or sequence at line 332 replaced by U+FFFD.
Invalid UTF-8 byte or sequence at line 332 replaced by U+FFFD.
Invalid UTF-8 byte or sequence at line 333 replaced by U+FFFD.
Invalid UTF-8 byte or sequence at line 334 replaced by U+FFFD.
Invalid UTF-8 byte or sequence at line 334 replaced by U+FFFD.
Invalid UTF-8 byte or sequence at line 334 replaced by U+FFFD.
Invalid UTF-8 byte or sequence at line 406 replaced by U+FFFD.
Invalid UTF-8 byte or sequence at line 406 replaced by U+FFFD.
Invalid UTF-8 byte or sequence at line 409 replaced by U+FFFD.
Invalid UTF-8 byte or sequence at line 410 replaced by U+FFFD.
Invalid UTF-8 byte or sequence at line 428 replaced by U+FFFD.
Invalid UTF-8 byte or sequence at line 434 replaced by U+FFFD.
Invalid UTF-8 byte or sequence at line 457 replaced by U+FFFD.
Invalid UTF-8 byte or sequence at line 457 replaced by U+FFFD.
Invalid UTF-8 byte or sequence at line 464 replaced by U+FFFD.
Invalid UTF-8 byte or sequence at line 464 replaced by U+FFFD.
Invalid UTF-8 byte or sequence at line 466 replaced by U+FFFD.
Invalid UTF-8 byte or sequence at line 466 replaced by U+FFFD.
Invalid UTF-8 byte or sequence at line 541 replaced by U+FFFD.
Invalid UTF-8 byte or sequence at line 541 replaced by U+FFFD.
Invalid UTF-8 byte or sequence at line 541 replaced by U+FFFD.
Invalid UTF-8 byte or sequence at line 586 replaced by U+FFFD.
Invalid UTF-8 byte or sequence at line 586 replaced by U+FFFD.
Invalid UTF-8 byte or sequence at line 588 replaced by U+FFFD.
Invalid UTF-8 byte or sequence at line 588 replaced by U+FFFD.
Invalid UTF-8 byte or sequence at line 595 replaced by U+FFFD.
Invalid UTF-8 byte or sequence at line 597 replaced by U+FFFD.
Invalid UTF-8 byte or sequence at line 599 replaced by U+FFFD.
Invalid UTF-8 byte or sequence at line 602 replaced by U+FFFD.
Invalid UTF-8 byte or sequence at line 605 replaced by U+FFFD.
Invalid UTF-8 byte or sequence at line 605 replaced by U+FFFD.
Invalid UTF-8 byte or sequence at line 610 replaced by U+FFFD.
Invalid UTF-8 byte or sequence at line 615 replaced by U+FFFD.
Invalid UTF-8 byte or sequence at line 632 replaced by U+FFFD.
Invalid UTF-8 byte or sequence at line 632 replaced by U+FFFD.
Invalid UTF-8 byte or sequence at line 633 replaced by U+FFFD.
Invalid UTF-8 byte or sequence at line 635 replaced by U+FFFD.
Invalid UTF-8 byte or sequence at line 637 replaced by U+FFFD.
Invalid UTF-8 byte or sequence at line 647 replaced by U+FFFD.
Invalid UTF-8 byte or sequence at line 653 replaced by U+FFFD.
Invalid UTF-8 byte or sequence at line 678 replaced by U+FFFD.
Invalid UTF-8 byte or sequence at line 700 replaced by U+FFFD.
Invalid UTF-8 byte or sequence at line 705 replaced by U+FFFD.
Invalid UTF-8 byte or sequence at line 715 replaced by U+FFFD.
Invalid UTF-8 byte or sequence at line 715 replaced by U+FFFD.
Invalid UTF-8 byte or sequence at line 715 replaced by U+FFFD.
Invalid UTF-8 byte or sequence at line 719 replaced by U+FFFD.
Invalid UTF-8 byte or sequence at line 732 replaced by U+FFFD.
Invalid UTF-8 byte or sequence at line 732 replaced by U+FFFD.
Invalid UTF-8 byte or sequence at line 741 replaced by U+FFFD.
Invalid UTF-8 byte or sequence at line 741 replaced by U+FFFD.
Invalid UTF-8 byte or sequence at line 742 replaced by U+FFFD.
Invalid UTF-8 byte or sequence at line 742 replaced by U+FFFD.
Invalid UTF-8 byte or sequence at line 762 replaced by U+FFFD.
Invalid UTF-8 byte or sequence at line 773 replaced by U+FFFD.
Invalid UTF-8 byte or sequence at line 773 replaced by U+FFFD.
Invalid UTF-8 byte or sequence at line 774 replaced by U+FFFD.
Invalid UTF-8 byte or sequence at line 774 replaced by U+FFFD.
Invalid UTF-8 byte or sequence at line 774 replaced by U+FFFD.
Invalid UTF-8 byte or sequence at line 797 replaced by U+FFFD.
Invalid UTF-8 byte or sequence at line 797 replaced by U+FFFD.
Invalid UTF-8 byte or sequence at line 810 replaced by U+FFFD.
Invalid UTF-8 byte or sequence at line 824 replaced by U+FFFD.
Invalid UTF-8 byte or sequence at line 824 replaced by U+FFFD.
Invalid UTF-8 byte or sequence at line 831 replaced by U+FFFD.
Invalid UTF-8 byte or sequence at line 838 replaced by U+FFFD.
Invalid UTF-8 byte or sequence at line 838 replaced by U+FFFD.
Invalid UTF-8 byte or sequence at line 846 replaced by U+FFFD.
Invalid UTF-8 byte or sequence at line 846 replaced by U+FFFD.
Invalid UTF-8 byte or sequence at line 861 replaced by U+FFFD.
Invalid UTF-8 byte or sequence at line 862 replaced by U+FFFD.
Invalid UTF-8 byte or sequence at line 864 replaced by U+FFFD.
Invalid UTF-8 byte or sequence at line 864 replaced by U+FFFD.
Invalid UTF-8 byte or sequence at line 908 replaced by U+FFFD.
Invalid UTF-8 byte or sequence at line 909 replaced by U+FFFD.
Invalid UTF-8 byte or sequence at line 909 replaced by U+FFFD.
Invalid UTF-8 byte or sequence at line 934 replaced by U+FFFD.
Invalid UTF-8 byte or sequence at line 934 replaced by U+FFFD.
Invalid UTF-8 byte or sequence at line 936 replaced by U+FFFD.
Invalid UTF-8 byte or sequence at line 936 replaced by U+FFFD.
Invalid UTF-8 byte or sequence at line 940 replaced by U+FFFD.
Invalid UTF-8 byte or sequence at line 940 replaced by U+FFFD.
Invalid UTF-8 byte or sequence at line 962 replaced by U+FFFD.
Invalid UTF-8 byte or sequence at line 962 replaced by U+FFFD.
Invalid UTF-8 byte or sequence at line 964 replaced by U+FFFD.
Invalid UTF-8 byte or sequence at line 965 replaced by U+FFFD.
Invalid UTF-8 byte or sequence at line 1006 replaced by U+FFFD.
)
Package: xstring 2019/02/06 v1.83 String manipulations (CT)
) (d:/texlive/2020/texmf-dist/tex/latex/eso-pic/eso-pic.sty
Package: eso-pic 2018/04/12 v2.0h eso-pic (RN)
) (./.git/gitHeadInfo.gin) (d:/texlive/2020/texmf-dist/tex/latex/gitinfo2/gitexinfo.sty
Package: gitexinfo 2015/11/22 v2.0.7 Auxiliary package for gitinfo2
)) (d:/texlive/2020/texmf-dist/tex/latex/fancyhdr/fancyhdr.sty
Package: fancyhdr 2019/01/31 v3.10 Extensive control of page headers and footers
\f@nch@headwidth=\skip93
\f@nch@O@elh=\skip94
\f@nch@O@erh=\skip95
\f@nch@O@olh=\skip96
\f@nch@O@orh=\skip97
\f@nch@O@elf=\skip98
\f@nch@O@erf=\skip99
\f@nch@O@olf=\skip100
\f@nch@O@orf=\skip101
) (d:/texlive/2020/texmf-dist/tex/latex/mathtools/mathtools.sty
Package: mathtools 2020/03/24 v1.24 mathematical typesetting tools
 (d:/texlive/2020/texmf-dist/tex/latex/mathtools/mhsetup.sty
Package: mhsetup 2017/03/31 v1.3 programming setup (MH)
)
LaTeX Info: Thecontrolsequence`\('isalreadyrobust on input line 130.
LaTeX Info: Thecontrolsequence`\)'isalreadyrobust on input line 130.
LaTeX Info: Thecontrolsequence`\['isalreadyrobust on input line 130.
LaTeX Info: Thecontrolsequence`\]'isalreadyrobust on input line 130.
\g_MT_multlinerow_int=\count397
\l_MT_multwidth_dim=\dimen341
\origjot=\skip102
\l_MT_shortvdotswithinadjustabove_dim=\dimen342
\l_MT_shortvdotswithinadjustbelow_dim=\dimen343
\l_MT_above_intertext_sep=\dimen344
\l_MT_below_intertext_sep=\dimen345
\l_MT_above_shortintertext_sep=\dimen346
\l_MT_below_shortintertext_sep=\dimen347
\xmathstrut@box=\box147
\xmathstrut@dim=\dimen348
)
\c@thm=\count398
\c@Remark=\count399
\c@proposition=\count400
\c@theorem=\count401
\c@lemma=\count402
\c@corollary=\count403
\c@example=\count404
\c@definition=\count405
\c@Algorithms=\count406
 (d:/texlive/2020/texmf-dist/tex/generic/stringenc/se-ascii-print.def
File: se-ascii-print.def 2019/11/29 v1.12 stringenc: Printable ASCII characters
)))
No file report0519.aux.
\openout1 = `report0519.aux'.

LaTeX Font Info:    Checking defaults for OML/cmm/m/it on input line 24.
LaTeX Font Info:    ... okay on input line 24.
LaTeX Font Info:    Checking defaults for OMS/cmsy/m/n on input line 24.
LaTeX Font Info:    ... okay on input line 24.
LaTeX Font Info:    Checking defaults for OT1/cmr/m/n on input line 24.
LaTeX Font Info:    ... okay on input line 24.
LaTeX Font Info:    Checking defaults for T1/cmr/m/n on input line 24.
LaTeX Font Info:    ... okay on input line 24.
LaTeX Font Info:    Checking defaults for TS1/cmr/m/n on input line 24.
LaTeX Font Info:    Trying to load font information for TS1+cmr on input line 24.
(d:/texlive/2020/texmf-dist/tex/latex/base/ts1cmr.fd
File: ts1cmr.fd 2019/12/16 v2.5j Standard LaTeX font definitions
)
LaTeX Font Info:    ... okay on input line 24.
LaTeX Font Info:    Checking defaults for TU/lmr/m/n on input line 24.
LaTeX Font Info:    ... okay on input line 24.
LaTeX Font Info:    Checking defaults for OMX/cmex/m/n on input line 24.
LaTeX Font Info:    ... okay on input line 24.
LaTeX Font Info:    Checking defaults for U/cmr/m/n on input line 24.
LaTeX Font Info:    ... okay on input line 24.
LaTeX Font Info:    Checking defaults for PD1/pdf/m/n on input line 24.
LaTeX Font Info:    ... okay on input line 24.
LaTeX Font Info:    Checking defaults for PU/pdf/m/n on input line 24.
LaTeX Font Info:    ... okay on input line 24.
LaTeX Font Info:    Trying to load font information for U+msa on input line 24.
 (d:/texlive/2020/texmf-dist/tex/latex/amsfonts/umsa.fd
File: umsa.fd 2013/01/14 v3.01 AMS symbols A
)
LaTeX Font Info:    Trying to load font information for U+msb on input line 24.
 (d:/texlive/2020/texmf-dist/tex/latex/amsfonts/umsb.fd
File: umsb.fd 2013/01/14 v3.01 AMS symbols B
) ABD: EveryShipout initializing macros
Package caption Info: Begin \AtBeginDocument code.
Package caption Info: hyperref package is loaded.
Package caption Info: rotating package is loaded.
Package caption Info: threeparttable package is loaded.
Package caption Info: wrapfig package is loaded.
Package caption Info: End \AtBeginDocument code.
\AtBeginShipoutBox=\box148
Package hyperref Info: Link coloring OFF on input line 24.
 (d:/texlive/2020/texmf-dist/tex/latex/hyperref/nameref.sty
Package: nameref 2019/09/16 v2.46 Cross-referencing by name of section
 (d:/texlive/2020/texmf-dist/tex/latex/refcount/refcount.sty
Package: refcount 2019/12/15 v3.6 Data extraction from label references (HO)
) (d:/texlive/2020/texmf-dist/tex/generic/gettitlestring/gettitlestring.sty
Package: gettitlestring 2019/12/15 v1.6 Cleanup title references (HO)
)
\c@section@level=\count407
)
LaTeX Info: Redefining \ref on input line 24.
LaTeX Info: Redefining \pageref on input line 24.
LaTeX Info: Redefining \nameref on input line 24.
\@outlinefile=\write6
\openout6 = `report0519.out'.



Package hyperref Warning: Rerun to get /PageLabels entry.

LaTeX Info: Redefining \microtypecontext on input line 24.
Package microtype Info: Character protrusion enabled (level 2).
Package microtype Info: Using default protrusion set `alltext'.
Package microtype Info: No adjustment of tracking.
Package microtype Info: No adjustment of spacing.
Package microtype Info: No adjustment of kerning.
(d:/texlive/2020/texmf-dist/tex/latex/microtype/mt-LatinModernRoman.cfg
File: mt-LatinModernRoman.cfg 2013/03/13 v1.0 microtype config. file: Latin Modern Roman (RS)
) (d:/texlive/2020/texmf-dist/tex/latex/translator/translator-basic-dictionary-English.dict
Dictionary: translator-basic-dictionary, Language: English 
) (d:/texlive/2020/texmf-dist/tex/latex/siunitx/siunitx-abbreviations.cfg
File: siunitx-abbreviations.cfg 2017/11/26 v2.7k siunitx: Abbreviated units
) (d:/texlive/2020/texmf-dist/tex/latex/microtype/mt-cmr.cfg
File: mt-cmr.cfg 2013/05/19 v2.2 microtype config. file: Computer Modern Roman (RS)
) (d:/texlive/2020/texmf-dist/tex/latex/microtype/mt-msa.cfg
File: mt-msa.cfg 2006/02/04 v1.1 microtype config. file: AMS symbols (a) (RS)
) (d:/texlive/2020/texmf-dist/tex/latex/microtype/mt-msb.cfg
File: mt-msb.cfg 2005/06/01 v1.0 microtype config. file: AMS symbols (b) (RS)
)
Package microtype Info: Loading generic protrusion settings for font family
(microtype)             `cmss' (encoding: OT1).
(microtype)             For optimal results, create family-specific settings.
(microtype)             See the microtype manual for details.
Package microtype Info: Loading generic protrusion settings for font family
(microtype)             `cmtt' (encoding: OT1).
(microtype)             For optimal results, create family-specific settings.
(microtype)             See the microtype manual for details.
\tf@toc=\write7
\openout7 = `report0519.toc'.

 [1]
Package microtype Info: Loading generic protrusion settings for font family
(microtype)             `lmtt' (encoding: TU).
(microtype)             For optimal results, create family-specific settings.
(microtype)             See the microtype manual for details.
Invalid UTF-8 byte or sequence at line 111 replaced by U+FFFD.
Invalid UTF-8 byte or sequence at line 111 replaced by U+FFFD.
Invalid UTF-8 byte or sequence at line 111 replaced by U+FFFD.
Invalid UTF-8 byte or sequence at line 111 replaced by U+FFFD.
Invalid UTF-8 byte or sequence at line 111 replaced by U+FFFD.
Invalid UTF-8 byte or sequence at line 111 replaced by U+FFFD.
Invalid UTF-8 byte or sequence at line 111 replaced by U+FFFD.
File: logos/tulip-logo.eps Graphic file (type eps)
<logos/tulip-logo.eps>


Package Fancyhdr Warning: \footskip is too small (12.0pt): 
Make it at least 14.79996pt.
We now make it that large for the rest of the document.
This may cause the page layout to be inconsistent, however.

[2]
No complaints by nag.
Package atveryend Info: Empty hook `BeforeClearDocument' on input line 111.
Package atveryend Info: Empty hook `AfterLastShipout' on input line 111.
(./report0519.aux)
Package atveryend Info: Empty hook `AtVeryEndDocument' on input line 111.
Package atveryend Info: Executing hook `AtEndAfterFileList' on input line 111.


Package rerunfilecheck Warning: File `report0519.out' has changed.
(rerunfilecheck)                Rerun to get outlines right
(rerunfilecheck)                or use package `bookmark'.

Package rerunfilecheck Info: Checksums for `report0519.out':
(rerunfilecheck)             Before: <no file>
(rerunfilecheck)             After:  432D43B6E46425FF0ECD76BF2F56A5D3;277.

LaTeX Warning: Label(s) may have changed. Rerun to get cross-references right.

Package atveryend Info: Empty hook `AtVeryVeryEnd' on input line 111.
 ) 
Here is how much of TeX's memory you used:
 38289 strings out of 479418
 780514 string characters out of 5888105
 1240243 words of memory out of 5000000
 54933 multiletter control sequences out of 15000+600000
 539010 words of font info for 64 fonts, out of 8000000 for 9000
 1509 hyphenation exceptions out of 8191
 71i,12n,102p,933b,760s stack positions out of 5000i,500n,10000p,200000b,80000s

Output written on report0519.pdf (2 pages).
